<?xml version="1.0" encoding="UTF-8"?>
<testsuite xmlns:xsi="http://www.w3.org/2001/XMLSchema-instance" xsi:noNamespaceSchemaLocation="https://maven.apache.org/surefire/maven-surefire-plugin/xsd/surefire-test-report-3.0.xsd" version="3.0" name="com.example.user_management_backend.UserManagementBackEndApplicationTests" time="21.905" tests="1" errors="0" skipped="0" failures="0">
  <properties>
    <property name="java.specification.version" value="21"/>
    <property name="sun.cpu.isalist" value="amd64"/>
    <property name="sun.jnu.encoding" value="Cp1252"/>
    <property name="java.class.path" value="c:\Users\10822332\OneDrive - LTIMindtree\Desktop\UserManagement\user-management-backend\target\test-classes;c:\Users\10822332\OneDrive - LTIMindtree\Desktop\UserManagement\user-management-backend\target\classes;C:\Users\10822332\.m2\repository\org\springframework\boot\spring-boot-starter-actuator\3.3.8\spring-boot-starter-actuator-3.3.8.jar;C:\Users\10822332\.m2\repository\org\springframework\boot\spring-boot-starter\3.3.8\spring-boot-starter-3.3.8.jar;C:\Users\10822332\.m2\repository\org\springframework\boot\spring-boot-starter-logging\3.3.8\spring-boot-starter-logging-3.3.8.jar;C:\Users\10822332\.m2\repository\ch\qos\logback\logback-classic\1.5.16\logback-classic-1.5.16.jar;C:\Users\10822332\.m2\repository\ch\qos\logback\logback-core\1.5.16\logback-core-1.5.16.jar;C:\Users\10822332\.m2\repository\org\apache\logging\log4j\log4j-to-slf4j\2.23.1\log4j-to-slf4j-2.23.1.jar;C:\Users\10822332\.m2\repository\org\apache\logging\log4j\log4j-api\2.23.1\log4j-api-2.23.1.jar;C:\Users\10822332\.m2\repository\org\slf4j\jul-to-slf4j\2.0.16\jul-to-slf4j-2.0.16.jar;C:\Users\10822332\.m2\repository\jakarta\annotation\jakarta.annotation-api\2.1.1\jakarta.annotation-api-2.1.1.jar;C:\Users\10822332\.m2\repository\org\yaml\snakeyaml\2.2\snakeyaml-2.2.jar;C:\Users\10822332\.m2\repository\org\springframework\boot\spring-boot-actuator-autoconfigure\3.3.8\spring-boot-actuator-autoconfigure-3.3.8.jar;C:\Users\10822332\.m2\repository\org\springframework\boot\spring-boot-actuator\3.3.8\spring-boot-actuator-3.3.8.jar;C:\Users\10822332\.m2\repository\com\fasterxml\jackson\datatype\jackson-datatype-jsr310\2.17.3\jackson-datatype-jsr310-2.17.3.jar;C:\Users\10822332\.m2\repository\io\micrometer\micrometer-observation\1.13.10\micrometer-observation-1.13.10.jar;C:\Users\10822332\.m2\repository\io\micrometer\micrometer-commons\1.13.10\micrometer-commons-1.13.10.jar;C:\Users\10822332\.m2\repository\io\micrometer\micrometer-jakarta9\1.13.10\micrometer-jakarta9-1.13.10.jar;C:\Users\10822332\.m2\repository\io\micrometer\micrometer-core\1.13.10\micrometer-core-1.13.10.jar;C:\Users\10822332\.m2\repository\org\hdrhistogram\HdrHistogram\2.2.2\HdrHistogram-2.2.2.jar;C:\Users\10822332\.m2\repository\org\latencyutils\LatencyUtils\2.0.3\LatencyUtils-2.0.3.jar;C:\Users\10822332\.m2\repository\org\springframework\boot\spring-boot-starter-data-jpa\3.3.8\spring-boot-starter-data-jpa-3.3.8.jar;C:\Users\10822332\.m2\repository\org\springframework\boot\spring-boot-starter-aop\3.3.8\spring-boot-starter-aop-3.3.8.jar;C:\Users\10822332\.m2\repository\org\aspectj\aspectjweaver\1.9.22.1\aspectjweaver-1.9.22.1.jar;C:\Users\10822332\.m2\repository\org\springframework\boot\spring-boot-starter-jdbc\3.3.8\spring-boot-starter-jdbc-3.3.8.jar;C:\Users\10822332\.m2\repository\com\zaxxer\HikariCP\5.1.0\HikariCP-5.1.0.jar;C:\Users\10822332\.m2\repository\org\springframework\spring-jdbc\6.1.16\spring-jdbc-6.1.16.jar;C:\Users\10822332\.m2\repository\org\hibernate\orm\hibernate-core\6.5.3.Final\hibernate-core-6.5.3.Final.jar;C:\Users\10822332\.m2\repository\jakarta\persistence\jakarta.persistence-api\3.1.0\jakarta.persistence-api-3.1.0.jar;C:\Users\10822332\.m2\repository\jakarta\transaction\jakarta.transaction-api\2.0.1\jakarta.transaction-api-2.0.1.jar;C:\Users\10822332\.m2\repository\org\jboss\logging\jboss-logging\3.5.3.Final\jboss-logging-3.5.3.Final.jar;C:\Users\10822332\.m2\repository\org\hibernate\common\hibernate-commons-annotations\6.0.6.Final\hibernate-commons-annotations-6.0.6.Final.jar;C:\Users\10822332\.m2\repository\io\smallrye\jandex\3.1.2\jandex-3.1.2.jar;C:\Users\10822332\.m2\repository\com\fasterxml\classmate\1.7.0\classmate-1.7.0.jar;C:\Users\10822332\.m2\repository\net\bytebuddy\byte-buddy\1.14.19\byte-buddy-1.14.19.jar;C:\Users\10822332\.m2\repository\org\glassfish\jaxb\jaxb-runtime\4.0.5\jaxb-runtime-4.0.5.jar;C:\Users\10822332\.m2\repository\org\glassfish\jaxb\jaxb-core\4.0.5\jaxb-core-4.0.5.jar;C:\Users\10822332\.m2\repository\org\glassfish\jaxb\txw2\4.0.5\txw2-4.0.5.jar;C:\Users\10822332\.m2\repository\com\sun\istack\istack-commons-runtime\4.1.2\istack-commons-runtime-4.1.2.jar;C:\Users\10822332\.m2\repository\jakarta\inject\jakarta.inject-api\2.0.1\jakarta.inject-api-2.0.1.jar;C:\Users\10822332\.m2\repository\org\antlr\antlr4-runtime\4.13.0\antlr4-runtime-4.13.0.jar;C:\Users\10822332\.m2\repository\org\springframework\data\spring-data-jpa\3.3.8\spring-data-jpa-3.3.8.jar;C:\Users\10822332\.m2\repository\org\springframework\data\spring-data-commons\3.3.8\spring-data-commons-3.3.8.jar;C:\Users\10822332\.m2\repository\org\springframework\spring-orm\6.1.16\spring-orm-6.1.16.jar;C:\Users\10822332\.m2\repository\org\springframework\spring-context\6.1.16\spring-context-6.1.16.jar;C:\Users\10822332\.m2\repository\org\springframework\spring-tx\6.1.16\spring-tx-6.1.16.jar;C:\Users\10822332\.m2\repository\org\springframework\spring-beans\6.1.16\spring-beans-6.1.16.jar;C:\Users\10822332\.m2\repository\org\springframework\spring-aspects\6.1.16\spring-aspects-6.1.16.jar;C:\Users\10822332\.m2\repository\org\springframework\boot\spring-boot-starter-validation\3.3.8\spring-boot-starter-validation-3.3.8.jar;C:\Users\10822332\.m2\repository\org\apache\tomcat\embed\tomcat-embed-el\10.1.34\tomcat-embed-el-10.1.34.jar;C:\Users\10822332\.m2\repository\org\hibernate\validator\hibernate-validator\8.0.2.Final\hibernate-validator-8.0.2.Final.jar;C:\Users\10822332\.m2\repository\jakarta\validation\jakarta.validation-api\3.0.2\jakarta.validation-api-3.0.2.jar;C:\Users\10822332\.m2\repository\org\springframework\boot\spring-boot-starter-web\3.3.8\spring-boot-starter-web-3.3.8.jar;C:\Users\10822332\.m2\repository\org\springframework\boot\spring-boot-starter-json\3.3.8\spring-boot-starter-json-3.3.8.jar;C:\Users\10822332\.m2\repository\com\fasterxml\jackson\datatype\jackson-datatype-jdk8\2.17.3\jackson-datatype-jdk8-2.17.3.jar;C:\Users\10822332\.m2\repository\com\fasterxml\jackson\module\jackson-module-parameter-names\2.17.3\jackson-module-parameter-names-2.17.3.jar;C:\Users\10822332\.m2\repository\org\springframework\boot\spring-boot-starter-tomcat\3.3.8\spring-boot-starter-tomcat-3.3.8.jar;C:\Users\10822332\.m2\repository\org\apache\tomcat\embed\tomcat-embed-core\10.1.34\tomcat-embed-core-10.1.34.jar;C:\Users\10822332\.m2\repository\org\apache\tomcat\embed\tomcat-embed-websocket\10.1.34\tomcat-embed-websocket-10.1.34.jar;C:\Users\10822332\.m2\repository\org\springframework\spring-web\6.1.16\spring-web-6.1.16.jar;C:\Users\10822332\.m2\repository\org\springframework\spring-webmvc\6.1.16\spring-webmvc-6.1.16.jar;C:\Users\10822332\.m2\repository\org\springframework\spring-expression\6.1.16\spring-expression-6.1.16.jar;C:\Users\10822332\.m2\repository\org\springframework\boot\spring-boot-devtools\3.3.8\spring-boot-devtools-3.3.8.jar;C:\Users\10822332\.m2\repository\org\springframework\boot\spring-boot\3.3.8\spring-boot-3.3.8.jar;C:\Users\10822332\.m2\repository\org\springframework\boot\spring-boot-autoconfigure\3.3.8\spring-boot-autoconfigure-3.3.8.jar;C:\Users\10822332\.m2\repository\com\h2database\h2\2.2.224\h2-2.2.224.jar;C:\Users\10822332\.m2\repository\org\projectlombok\lombok\1.18.36\lombok-1.18.36.jar;C:\Users\10822332\.m2\repository\org\springframework\boot\spring-boot-starter-test\3.3.8\spring-boot-starter-test-3.3.8.jar;C:\Users\10822332\.m2\repository\org\springframework\boot\spring-boot-test\3.3.8\spring-boot-test-3.3.8.jar;C:\Users\10822332\.m2\repository\org\springframework\boot\spring-boot-test-autoconfigure\3.3.8\spring-boot-test-autoconfigure-3.3.8.jar;C:\Users\10822332\.m2\repository\com\jayway\jsonpath\json-path\2.9.0\json-path-2.9.0.jar;C:\Users\10822332\.m2\repository\jakarta\xml\bind\jakarta.xml.bind-api\4.0.2\jakarta.xml.bind-api-4.0.2.jar;C:\Users\10822332\.m2\repository\jakarta\activation\jakarta.activation-api\2.1.3\jakarta.activation-api-2.1.3.jar;C:\Users\10822332\.m2\repository\net\minidev\json-smart\2.5.1\json-smart-2.5.1.jar;C:\Users\10822332\.m2\repository\net\minidev\accessors-smart\2.5.1\accessors-smart-2.5.1.jar;C:\Users\10822332\.m2\repository\org\ow2\asm\asm\9.6\asm-9.6.jar;C:\Users\10822332\.m2\repository\org\assertj\assertj-core\3.25.3\assertj-core-3.25.3.jar;C:\Users\10822332\.m2\repository\org\awaitility\awaitility\4.2.2\awaitility-4.2.2.jar;C:\Users\10822332\.m2\repository\org\hamcrest\hamcrest\2.2\hamcrest-2.2.jar;C:\Users\10822332\.m2\repository\org\junit\jupiter\junit-jupiter\5.10.5\junit-jupiter-5.10.5.jar;C:\Users\10822332\.m2\repository\org\junit\jupiter\junit-jupiter-api\5.10.5\junit-jupiter-api-5.10.5.jar;C:\Users\10822332\.m2\repository\org\opentest4j\opentest4j\1.3.0\opentest4j-1.3.0.jar;C:\Users\10822332\.m2\repository\org\junit\platform\junit-platform-commons\1.10.5\junit-platform-commons-1.10.5.jar;C:\Users\10822332\.m2\repository\org\apiguardian\apiguardian-api\1.1.2\apiguardian-api-1.1.2.jar;C:\Users\10822332\.m2\repository\org\junit\jupiter\junit-jupiter-params\5.10.5\junit-jupiter-params-5.10.5.jar;C:\Users\10822332\.m2\repository\org\junit\jupiter\junit-jupiter-engine\5.10.5\junit-jupiter-engine-5.10.5.jar;C:\Users\10822332\.m2\repository\org\junit\platform\junit-platform-engine\1.10.5\junit-platform-engine-1.10.5.jar;C:\Users\10822332\.m2\repository\org\mockito\mockito-core\5.11.0\mockito-core-5.11.0.jar;C:\Users\10822332\.m2\repository\net\bytebuddy\byte-buddy-agent\1.14.19\byte-buddy-agent-1.14.19.jar;C:\Users\10822332\.m2\repository\org\objenesis\objenesis\3.3\objenesis-3.3.jar;C:\Users\10822332\.m2\repository\org\mockito\mockito-junit-jupiter\5.11.0\mockito-junit-jupiter-5.11.0.jar;C:\Users\10822332\.m2\repository\org\skyscreamer\jsonassert\1.5.3\jsonassert-1.5.3.jar;C:\Users\10822332\.m2\repository\com\vaadin\external\google\android-json\0.0.20131108.vaadin1\android-json-0.0.20131108.vaadin1.jar;C:\Users\10822332\.m2\repository\org\springframework\spring-core\6.1.16\spring-core-6.1.16.jar;C:\Users\10822332\.m2\repository\org\springframework\spring-jcl\6.1.16\spring-jcl-6.1.16.jar;C:\Users\10822332\.m2\repository\org\springframework\spring-test\6.1.16\spring-test-6.1.16.jar;C:\Users\10822332\.m2\repository\org\xmlunit\xmlunit-core\2.9.1\xmlunit-core-2.9.1.jar;C:\Users\10822332\.m2\repository\org\springdoc\springdoc-openapi-starter-webmvc-ui\2.5.0\springdoc-openapi-starter-webmvc-ui-2.5.0.jar;C:\Users\10822332\.m2\repository\org\springdoc\springdoc-openapi-starter-webmvc-api\2.5.0\springdoc-openapi-starter-webmvc-api-2.5.0.jar;C:\Users\10822332\.m2\repository\org\springdoc\springdoc-openapi-starter-common\2.5.0\springdoc-openapi-starter-common-2.5.0.jar;C:\Users\10822332\.m2\repository\io\swagger\core\v3\swagger-core-jakarta\2.2.21\swagger-core-jakarta-2.2.21.jar;C:\Users\10822332\.m2\repository\org\apache\commons\commons-lang3\3.14.0\commons-lang3-3.14.0.jar;C:\Users\10822332\.m2\repository\io\swagger\core\v3\swagger-annotations-jakarta\2.2.21\swagger-annotations-jakarta-2.2.21.jar;C:\Users\10822332\.m2\repository\io\swagger\core\v3\swagger-models-jakarta\2.2.21\swagger-models-jakarta-2.2.21.jar;C:\Users\10822332\.m2\repository\com\fasterxml\jackson\dataformat\jackson-dataformat-yaml\2.17.3\jackson-dataformat-yaml-2.17.3.jar;C:\Users\10822332\.m2\repository\org\webjars\swagger-ui\5.13.0\swagger-ui-5.13.0.jar;C:\Users\10822332\.m2\repository\org\springframework\boot\spring-boot-starter-security\3.3.8\spring-boot-starter-security-3.3.8.jar;C:\Users\10822332\.m2\repository\org\springframework\spring-aop\6.1.16\spring-aop-6.1.16.jar;C:\Users\10822332\.m2\repository\org\springframework\security\spring-security-config\6.3.6\spring-security-config-6.3.6.jar;C:\Users\10822332\.m2\repository\org\springframework\security\spring-security-core\6.3.6\spring-security-core-6.3.6.jar;C:\Users\10822332\.m2\repository\org\springframework\security\spring-security-crypto\6.3.6\spring-security-crypto-6.3.6.jar;C:\Users\10822332\.m2\repository\org\springframework\security\spring-security-web\6.3.6\spring-security-web-6.3.6.jar;C:\Users\10822332\.m2\repository\io\jsonwebtoken\jjwt-api\0.11.5\jjwt-api-0.11.5.jar;C:\Users\10822332\.m2\repository\io\jsonwebtoken\jjwt-impl\0.11.5\jjwt-impl-0.11.5.jar;C:\Users\10822332\.m2\repository\io\jsonwebtoken\jjwt-jackson\0.11.5\jjwt-jackson-0.11.5.jar;C:\Users\10822332\.m2\repository\com\fasterxml\jackson\core\jackson-databind\2.17.3\jackson-databind-2.17.3.jar;C:\Users\10822332\.m2\repository\com\fasterxml\jackson\core\jackson-annotations\2.17.3\jackson-annotations-2.17.3.jar;C:\Users\10822332\.m2\repository\com\fasterxml\jackson\core\jackson-core\2.17.3\jackson-core-2.17.3.jar;C:\Users\10822332\.m2\repository\org\springframework\boot\spring-boot-starter-mail\3.3.8\spring-boot-starter-mail-3.3.8.jar;C:\Users\10822332\.m2\repository\org\springframework\spring-context-support\6.1.16\spring-context-support-6.1.16.jar;C:\Users\10822332\.m2\repository\org\eclipse\angus\jakarta.mail\2.0.3\jakarta.mail-2.0.3.jar;C:\Users\10822332\.m2\repository\org\eclipse\angus\angus-activation\2.0.2\angus-activation-2.0.2.jar;C:\Users\10822332\.m2\repository\com\mysql\mysql-connector-j\8.3.0\mysql-connector-j-8.3.0.jar;C:\Users\10822332\.m2\repository\org\springframework\boot\spring-boot-starter-webflux\3.3.8\spring-boot-starter-webflux-3.3.8.jar;C:\Users\10822332\.m2\repository\org\springframework\boot\spring-boot-starter-reactor-netty\3.3.8\spring-boot-starter-reactor-netty-3.3.8.jar;C:\Users\10822332\.m2\repository\io\projectreactor\netty\reactor-netty-http\1.1.26\reactor-netty-http-1.1.26.jar;C:\Users\10822332\.m2\repository\io\netty\netty-codec-http\4.1.117.Final\netty-codec-http-4.1.117.Final.jar;C:\Users\10822332\.m2\repository\io\netty\netty-common\4.1.117.Final\netty-common-4.1.117.Final.jar;C:\Users\10822332\.m2\repository\io\netty\netty-buffer\4.1.117.Final\netty-buffer-4.1.117.Final.jar;C:\Users\10822332\.m2\repository\io\netty\netty-transport\4.1.117.Final\netty-transport-4.1.117.Final.jar;C:\Users\10822332\.m2\repository\io\netty\netty-codec\4.1.117.Final\netty-codec-4.1.117.Final.jar;C:\Users\10822332\.m2\repository\io\netty\netty-handler\4.1.117.Final\netty-handler-4.1.117.Final.jar;C:\Users\10822332\.m2\repository\io\netty\netty-codec-http2\4.1.117.Final\netty-codec-http2-4.1.117.Final.jar;C:\Users\10822332\.m2\repository\io\netty\netty-resolver-dns\4.1.117.Final\netty-resolver-dns-4.1.117.Final.jar;C:\Users\10822332\.m2\repository\io\netty\netty-resolver\4.1.117.Final\netty-resolver-4.1.117.Final.jar;C:\Users\10822332\.m2\repository\io\netty\netty-codec-dns\4.1.117.Final\netty-codec-dns-4.1.117.Final.jar;C:\Users\10822332\.m2\repository\io\netty\netty-resolver-dns-native-macos\4.1.117.Final\netty-resolver-dns-native-macos-4.1.117.Final-osx-x86_64.jar;C:\Users\10822332\.m2\repository\io\netty\netty-resolver-dns-classes-macos\4.1.117.Final\netty-resolver-dns-classes-macos-4.1.117.Final.jar;C:\Users\10822332\.m2\repository\io\netty\netty-transport-native-epoll\4.1.117.Final\netty-transport-native-epoll-4.1.117.Final-linux-x86_64.jar;C:\Users\10822332\.m2\repository\io\netty\netty-transport-native-unix-common\4.1.117.Final\netty-transport-native-unix-common-4.1.117.Final.jar;C:\Users\10822332\.m2\repository\io\netty\netty-transport-classes-epoll\4.1.117.Final\netty-transport-classes-epoll-4.1.117.Final.jar;C:\Users\10822332\.m2\repository\io\projectreactor\netty\reactor-netty-core\1.1.26\reactor-netty-core-1.1.26.jar;C:\Users\10822332\.m2\repository\io\netty\netty-handler-proxy\4.1.117.Final\netty-handler-proxy-4.1.117.Final.jar;C:\Users\10822332\.m2\repository\io\netty\netty-codec-socks\4.1.117.Final\netty-codec-socks-4.1.117.Final.jar;C:\Users\10822332\.m2\repository\org\springframework\spring-webflux\6.1.16\spring-webflux-6.1.16.jar;C:\Users\10822332\.m2\repository\io\projectreactor\reactor-core\3.6.13\reactor-core-3.6.13.jar;C:\Users\10822332\.m2\repository\org\reactivestreams\reactive-streams\1.0.4\reactive-streams-1.0.4.jar;C:\Users\10822332\.m2\repository\org\slf4j\slf4j-api\2.0.16\slf4j-api-2.0.16.jar;"/>
    <property name="java.vm.vendor" value="Eclipse Adoptium"/>
    <property name="sun.arch.data.model" value="64"/>
    <property name="user.variant" value=""/>
    <property name="java.vendor.url" value="https://adoptium.net/"/>
    <property name="user.timezone" value="Asia/Calcutta"/>
    <property name="org.jboss.logging.provider" value="slf4j"/>
    <property name="os.name" value="Windows 11"/>
    <property name="java.vm.specification.version" value="21"/>
    <property name="sun.java.launcher" value="SUN_STANDARD"/>
    <property name="user.country" value="IN"/>
    <property name="sun.boot.library.path" value="C:\Program Files\Eclipse Adoptium\jdk-21.0.3.9-hotspot\bin"/>
    <property name="sun.java.command" value="C:\Users\10822332\AppData\Local\Temp\surefire2570050367506562123\surefirebooter-20250206225509575_3.jar C:\Users\10822332\AppData\Local\Temp\surefire2570050367506562123 2025-02-06T22-55-09_168-jvmRun1 surefire-20250206225509575_1tmp surefire_0-20250206225509575_2tmp"/>
    <property name="jdk.debug" value="release"/>
    <property name="surefire.test.class.path" value="c:\Users\10822332\OneDrive - LTIMindtree\Desktop\UserManagement\user-management-backend\target\test-classes;c:\Users\10822332\OneDrive - LTIMindtree\Desktop\UserManagement\user-management-backend\target\classes;C:\Users\10822332\.m2\repository\org\springframework\boot\spring-boot-starter-actuator\3.3.8\spring-boot-starter-actuator-3.3.8.jar;C:\Users\10822332\.m2\repository\org\springframework\boot\spring-boot-starter\3.3.8\spring-boot-starter-3.3.8.jar;C:\Users\10822332\.m2\repository\org\springframework\boot\spring-boot-starter-logging\3.3.8\spring-boot-starter-logging-3.3.8.jar;C:\Users\10822332\.m2\repository\ch\qos\logback\logback-classic\1.5.16\logback-classic-1.5.16.jar;C:\Users\10822332\.m2\repository\ch\qos\logback\logback-core\1.5.16\logback-core-1.5.16.jar;C:\Users\10822332\.m2\repository\org\apache\logging\log4j\log4j-to-slf4j\2.23.1\log4j-to-slf4j-2.23.1.jar;C:\Users\10822332\.m2\repository\org\apache\logging\log4j\log4j-api\2.23.1\log4j-api-2.23.1.jar;C:\Users\10822332\.m2\repository\org\slf4j\jul-to-slf4j\2.0.16\jul-to-slf4j-2.0.16.jar;C:\Users\10822332\.m2\repository\jakarta\annotation\jakarta.annotation-api\2.1.1\jakarta.annotation-api-2.1.1.jar;C:\Users\10822332\.m2\repository\org\yaml\snakeyaml\2.2\snakeyaml-2.2.jar;C:\Users\10822332\.m2\repository\org\springframework\boot\spring-boot-actuator-autoconfigure\3.3.8\spring-boot-actuator-autoconfigure-3.3.8.jar;C:\Users\10822332\.m2\repository\org\springframework\boot\spring-boot-actuator\3.3.8\spring-boot-actuator-3.3.8.jar;C:\Users\10822332\.m2\repository\com\fasterxml\jackson\datatype\jackson-datatype-jsr310\2.17.3\jackson-datatype-jsr310-2.17.3.jar;C:\Users\10822332\.m2\repository\io\micrometer\micrometer-observation\1.13.10\micrometer-observation-1.13.10.jar;C:\Users\10822332\.m2\repository\io\micrometer\micrometer-commons\1.13.10\micrometer-commons-1.13.10.jar;C:\Users\10822332\.m2\repository\io\micrometer\micrometer-jakarta9\1.13.10\micrometer-jakarta9-1.13.10.jar;C:\Users\10822332\.m2\repository\io\micrometer\micrometer-core\1.13.10\micrometer-core-1.13.10.jar;C:\Users\10822332\.m2\repository\org\hdrhistogram\HdrHistogram\2.2.2\HdrHistogram-2.2.2.jar;C:\Users\10822332\.m2\repository\org\latencyutils\LatencyUtils\2.0.3\LatencyUtils-2.0.3.jar;C:\Users\10822332\.m2\repository\org\springframework\boot\spring-boot-starter-data-jpa\3.3.8\spring-boot-starter-data-jpa-3.3.8.jar;C:\Users\10822332\.m2\repository\org\springframework\boot\spring-boot-starter-aop\3.3.8\spring-boot-starter-aop-3.3.8.jar;C:\Users\10822332\.m2\repository\org\aspectj\aspectjweaver\1.9.22.1\aspectjweaver-1.9.22.1.jar;C:\Users\10822332\.m2\repository\org\springframework\boot\spring-boot-starter-jdbc\3.3.8\spring-boot-starter-jdbc-3.3.8.jar;C:\Users\10822332\.m2\repository\com\zaxxer\HikariCP\5.1.0\HikariCP-5.1.0.jar;C:\Users\10822332\.m2\repository\org\springframework\spring-jdbc\6.1.16\spring-jdbc-6.1.16.jar;C:\Users\10822332\.m2\repository\org\hibernate\orm\hibernate-core\6.5.3.Final\hibernate-core-6.5.3.Final.jar;C:\Users\10822332\.m2\repository\jakarta\persistence\jakarta.persistence-api\3.1.0\jakarta.persistence-api-3.1.0.jar;C:\Users\10822332\.m2\repository\jakarta\transaction\jakarta.transaction-api\2.0.1\jakarta.transaction-api-2.0.1.jar;C:\Users\10822332\.m2\repository\org\jboss\logging\jboss-logging\3.5.3.Final\jboss-logging-3.5.3.Final.jar;C:\Users\10822332\.m2\repository\org\hibernate\common\hibernate-commons-annotations\6.0.6.Final\hibernate-commons-annotations-6.0.6.Final.jar;C:\Users\10822332\.m2\repository\io\smallrye\jandex\3.1.2\jandex-3.1.2.jar;C:\Users\10822332\.m2\repository\com\fasterxml\classmate\1.7.0\classmate-1.7.0.jar;C:\Users\10822332\.m2\repository\net\bytebuddy\byte-buddy\1.14.19\byte-buddy-1.14.19.jar;C:\Users\10822332\.m2\repository\org\glassfish\jaxb\jaxb-runtime\4.0.5\jaxb-runtime-4.0.5.jar;C:\Users\10822332\.m2\repository\org\glassfish\jaxb\jaxb-core\4.0.5\jaxb-core-4.0.5.jar;C:\Users\10822332\.m2\repository\org\glassfish\jaxb\txw2\4.0.5\txw2-4.0.5.jar;C:\Users\10822332\.m2\repository\com\sun\istack\istack-commons-runtime\4.1.2\istack-commons-runtime-4.1.2.jar;C:\Users\10822332\.m2\repository\jakarta\inject\jakarta.inject-api\2.0.1\jakarta.inject-api-2.0.1.jar;C:\Users\10822332\.m2\repository\org\antlr\antlr4-runtime\4.13.0\antlr4-runtime-4.13.0.jar;C:\Users\10822332\.m2\repository\org\springframework\data\spring-data-jpa\3.3.8\spring-data-jpa-3.3.8.jar;C:\Users\10822332\.m2\repository\org\springframework\data\spring-data-commons\3.3.8\spring-data-commons-3.3.8.jar;C:\Users\10822332\.m2\repository\org\springframework\spring-orm\6.1.16\spring-orm-6.1.16.jar;C:\Users\10822332\.m2\repository\org\springframework\spring-context\6.1.16\spring-context-6.1.16.jar;C:\Users\10822332\.m2\repository\org\springframework\spring-tx\6.1.16\spring-tx-6.1.16.jar;C:\Users\10822332\.m2\repository\org\springframework\spring-beans\6.1.16\spring-beans-6.1.16.jar;C:\Users\10822332\.m2\repository\org\springframework\spring-aspects\6.1.16\spring-aspects-6.1.16.jar;C:\Users\10822332\.m2\repository\org\springframework\boot\spring-boot-starter-validation\3.3.8\spring-boot-starter-validation-3.3.8.jar;C:\Users\10822332\.m2\repository\org\apache\tomcat\embed\tomcat-embed-el\10.1.34\tomcat-embed-el-10.1.34.jar;C:\Users\10822332\.m2\repository\org\hibernate\validator\hibernate-validator\8.0.2.Final\hibernate-validator-8.0.2.Final.jar;C:\Users\10822332\.m2\repository\jakarta\validation\jakarta.validation-api\3.0.2\jakarta.validation-api-3.0.2.jar;C:\Users\10822332\.m2\repository\org\springframework\boot\spring-boot-starter-web\3.3.8\spring-boot-starter-web-3.3.8.jar;C:\Users\10822332\.m2\repository\org\springframework\boot\spring-boot-starter-json\3.3.8\spring-boot-starter-json-3.3.8.jar;C:\Users\10822332\.m2\repository\com\fasterxml\jackson\datatype\jackson-datatype-jdk8\2.17.3\jackson-datatype-jdk8-2.17.3.jar;C:\Users\10822332\.m2\repository\com\fasterxml\jackson\module\jackson-module-parameter-names\2.17.3\jackson-module-parameter-names-2.17.3.jar;C:\Users\10822332\.m2\repository\org\springframework\boot\spring-boot-starter-tomcat\3.3.8\spring-boot-starter-tomcat-3.3.8.jar;C:\Users\10822332\.m2\repository\org\apache\tomcat\embed\tomcat-embed-core\10.1.34\tomcat-embed-core-10.1.34.jar;C:\Users\10822332\.m2\repository\org\apache\tomcat\embed\tomcat-embed-websocket\10.1.34\tomcat-embed-websocket-10.1.34.jar;C:\Users\10822332\.m2\repository\org\springframework\spring-web\6.1.16\spring-web-6.1.16.jar;C:\Users\10822332\.m2\repository\org\springframework\spring-webmvc\6.1.16\spring-webmvc-6.1.16.jar;C:\Users\10822332\.m2\repository\org\springframework\spring-expression\6.1.16\spring-expression-6.1.16.jar;C:\Users\10822332\.m2\repository\org\springframework\boot\spring-boot-devtools\3.3.8\spring-boot-devtools-3.3.8.jar;C:\Users\10822332\.m2\repository\org\springframework\boot\spring-boot\3.3.8\spring-boot-3.3.8.jar;C:\Users\10822332\.m2\repository\org\springframework\boot\spring-boot-autoconfigure\3.3.8\spring-boot-autoconfigure-3.3.8.jar;C:\Users\10822332\.m2\repository\com\h2database\h2\2.2.224\h2-2.2.224.jar;C:\Users\10822332\.m2\repository\org\projectlombok\lombok\1.18.36\lombok-1.18.36.jar;C:\Users\10822332\.m2\repository\org\springframework\boot\spring-boot-starter-test\3.3.8\spring-boot-starter-test-3.3.8.jar;C:\Users\10822332\.m2\repository\org\springframework\boot\spring-boot-test\3.3.8\spring-boot-test-3.3.8.jar;C:\Users\10822332\.m2\repository\org\springframework\boot\spring-boot-test-autoconfigure\3.3.8\spring-boot-test-autoconfigure-3.3.8.jar;C:\Users\10822332\.m2\repository\com\jayway\jsonpath\json-path\2.9.0\json-path-2.9.0.jar;C:\Users\10822332\.m2\repository\jakarta\xml\bind\jakarta.xml.bind-api\4.0.2\jakarta.xml.bind-api-4.0.2.jar;C:\Users\10822332\.m2\repository\jakarta\activation\jakarta.activation-api\2.1.3\jakarta.activation-api-2.1.3.jar;C:\Users\10822332\.m2\repository\net\minidev\json-smart\2.5.1\json-smart-2.5.1.jar;C:\Users\10822332\.m2\repository\net\minidev\accessors-smart\2.5.1\accessors-smart-2.5.1.jar;C:\Users\10822332\.m2\repository\org\ow2\asm\asm\9.6\asm-9.6.jar;C:\Users\10822332\.m2\repository\org\assertj\assertj-core\3.25.3\assertj-core-3.25.3.jar;C:\Users\10822332\.m2\repository\org\awaitility\awaitility\4.2.2\awaitility-4.2.2.jar;C:\Users\10822332\.m2\repository\org\hamcrest\hamcrest\2.2\hamcrest-2.2.jar;C:\Users\10822332\.m2\repository\org\junit\jupiter\junit-jupiter\5.10.5\junit-jupiter-5.10.5.jar;C:\Users\10822332\.m2\repository\org\junit\jupiter\junit-jupiter-api\5.10.5\junit-jupiter-api-5.10.5.jar;C:\Users\10822332\.m2\repository\org\opentest4j\opentest4j\1.3.0\opentest4j-1.3.0.jar;C:\Users\10822332\.m2\repository\org\junit\platform\junit-platform-commons\1.10.5\junit-platform-commons-1.10.5.jar;C:\Users\10822332\.m2\repository\org\apiguardian\apiguardian-api\1.1.2\apiguardian-api-1.1.2.jar;C:\Users\10822332\.m2\repository\org\junit\jupiter\junit-jupiter-params\5.10.5\junit-jupiter-params-5.10.5.jar;C:\Users\10822332\.m2\repository\org\junit\jupiter\junit-jupiter-engine\5.10.5\junit-jupiter-engine-5.10.5.jar;C:\Users\10822332\.m2\repository\org\junit\platform\junit-platform-engine\1.10.5\junit-platform-engine-1.10.5.jar;C:\Users\10822332\.m2\repository\org\mockito\mockito-core\5.11.0\mockito-core-5.11.0.jar;C:\Users\10822332\.m2\repository\net\bytebuddy\byte-buddy-agent\1.14.19\byte-buddy-agent-1.14.19.jar;C:\Users\10822332\.m2\repository\org\objenesis\objenesis\3.3\objenesis-3.3.jar;C:\Users\10822332\.m2\repository\org\mockito\mockito-junit-jupiter\5.11.0\mockito-junit-jupiter-5.11.0.jar;C:\Users\10822332\.m2\repository\org\skyscreamer\jsonassert\1.5.3\jsonassert-1.5.3.jar;C:\Users\10822332\.m2\repository\com\vaadin\external\google\android-json\0.0.20131108.vaadin1\android-json-0.0.20131108.vaadin1.jar;C:\Users\10822332\.m2\repository\org\springframework\spring-core\6.1.16\spring-core-6.1.16.jar;C:\Users\10822332\.m2\repository\org\springframework\spring-jcl\6.1.16\spring-jcl-6.1.16.jar;C:\Users\10822332\.m2\repository\org\springframework\spring-test\6.1.16\spring-test-6.1.16.jar;C:\Users\10822332\.m2\repository\org\xmlunit\xmlunit-core\2.9.1\xmlunit-core-2.9.1.jar;C:\Users\10822332\.m2\repository\org\springdoc\springdoc-openapi-starter-webmvc-ui\2.5.0\springdoc-openapi-starter-webmvc-ui-2.5.0.jar;C:\Users\10822332\.m2\repository\org\springdoc\springdoc-openapi-starter-webmvc-api\2.5.0\springdoc-openapi-starter-webmvc-api-2.5.0.jar;C:\Users\10822332\.m2\repository\org\springdoc\springdoc-openapi-starter-common\2.5.0\springdoc-openapi-starter-common-2.5.0.jar;C:\Users\10822332\.m2\repository\io\swagger\core\v3\swagger-core-jakarta\2.2.21\swagger-core-jakarta-2.2.21.jar;C:\Users\10822332\.m2\repository\org\apache\commons\commons-lang3\3.14.0\commons-lang3-3.14.0.jar;C:\Users\10822332\.m2\repository\io\swagger\core\v3\swagger-annotations-jakarta\2.2.21\swagger-annotations-jakarta-2.2.21.jar;C:\Users\10822332\.m2\repository\io\swagger\core\v3\swagger-models-jakarta\2.2.21\swagger-models-jakarta-2.2.21.jar;C:\Users\10822332\.m2\repository\com\fasterxml\jackson\dataformat\jackson-dataformat-yaml\2.17.3\jackson-dataformat-yaml-2.17.3.jar;C:\Users\10822332\.m2\repository\org\webjars\swagger-ui\5.13.0\swagger-ui-5.13.0.jar;C:\Users\10822332\.m2\repository\org\springframework\boot\spring-boot-starter-security\3.3.8\spring-boot-starter-security-3.3.8.jar;C:\Users\10822332\.m2\repository\org\springframework\spring-aop\6.1.16\spring-aop-6.1.16.jar;C:\Users\10822332\.m2\repository\org\springframework\security\spring-security-config\6.3.6\spring-security-config-6.3.6.jar;C:\Users\10822332\.m2\repository\org\springframework\security\spring-security-core\6.3.6\spring-security-core-6.3.6.jar;C:\Users\10822332\.m2\repository\org\springframework\security\spring-security-crypto\6.3.6\spring-security-crypto-6.3.6.jar;C:\Users\10822332\.m2\repository\org\springframework\security\spring-security-web\6.3.6\spring-security-web-6.3.6.jar;C:\Users\10822332\.m2\repository\io\jsonwebtoken\jjwt-api\0.11.5\jjwt-api-0.11.5.jar;C:\Users\10822332\.m2\repository\io\jsonwebtoken\jjwt-impl\0.11.5\jjwt-impl-0.11.5.jar;C:\Users\10822332\.m2\repository\io\jsonwebtoken\jjwt-jackson\0.11.5\jjwt-jackson-0.11.5.jar;C:\Users\10822332\.m2\repository\com\fasterxml\jackson\core\jackson-databind\2.17.3\jackson-databind-2.17.3.jar;C:\Users\10822332\.m2\repository\com\fasterxml\jackson\core\jackson-annotations\2.17.3\jackson-annotations-2.17.3.jar;C:\Users\10822332\.m2\repository\com\fasterxml\jackson\core\jackson-core\2.17.3\jackson-core-2.17.3.jar;C:\Users\10822332\.m2\repository\org\springframework\boot\spring-boot-starter-mail\3.3.8\spring-boot-starter-mail-3.3.8.jar;C:\Users\10822332\.m2\repository\org\springframework\spring-context-support\6.1.16\spring-context-support-6.1.16.jar;C:\Users\10822332\.m2\repository\org\eclipse\angus\jakarta.mail\2.0.3\jakarta.mail-2.0.3.jar;C:\Users\10822332\.m2\repository\org\eclipse\angus\angus-activation\2.0.2\angus-activation-2.0.2.jar;C:\Users\10822332\.m2\repository\com\mysql\mysql-connector-j\8.3.0\mysql-connector-j-8.3.0.jar;C:\Users\10822332\.m2\repository\org\springframework\boot\spring-boot-starter-webflux\3.3.8\spring-boot-starter-webflux-3.3.8.jar;C:\Users\10822332\.m2\repository\org\springframework\boot\spring-boot-starter-reactor-netty\3.3.8\spring-boot-starter-reactor-netty-3.3.8.jar;C:\Users\10822332\.m2\repository\io\projectreactor\netty\reactor-netty-http\1.1.26\reactor-netty-http-1.1.26.jar;C:\Users\10822332\.m2\repository\io\netty\netty-codec-http\4.1.117.Final\netty-codec-http-4.1.117.Final.jar;C:\Users\10822332\.m2\repository\io\netty\netty-common\4.1.117.Final\netty-common-4.1.117.Final.jar;C:\Users\10822332\.m2\repository\io\netty\netty-buffer\4.1.117.Final\netty-buffer-4.1.117.Final.jar;C:\Users\10822332\.m2\repository\io\netty\netty-transport\4.1.117.Final\netty-transport-4.1.117.Final.jar;C:\Users\10822332\.m2\repository\io\netty\netty-codec\4.1.117.Final\netty-codec-4.1.117.Final.jar;C:\Users\10822332\.m2\repository\io\netty\netty-handler\4.1.117.Final\netty-handler-4.1.117.Final.jar;C:\Users\10822332\.m2\repository\io\netty\netty-codec-http2\4.1.117.Final\netty-codec-http2-4.1.117.Final.jar;C:\Users\10822332\.m2\repository\io\netty\netty-resolver-dns\4.1.117.Final\netty-resolver-dns-4.1.117.Final.jar;C:\Users\10822332\.m2\repository\io\netty\netty-resolver\4.1.117.Final\netty-resolver-4.1.117.Final.jar;C:\Users\10822332\.m2\repository\io\netty\netty-codec-dns\4.1.117.Final\netty-codec-dns-4.1.117.Final.jar;C:\Users\10822332\.m2\repository\io\netty\netty-resolver-dns-native-macos\4.1.117.Final\netty-resolver-dns-native-macos-4.1.117.Final-osx-x86_64.jar;C:\Users\10822332\.m2\repository\io\netty\netty-resolver-dns-classes-macos\4.1.117.Final\netty-resolver-dns-classes-macos-4.1.117.Final.jar;C:\Users\10822332\.m2\repository\io\netty\netty-transport-native-epoll\4.1.117.Final\netty-transport-native-epoll-4.1.117.Final-linux-x86_64.jar;C:\Users\10822332\.m2\repository\io\netty\netty-transport-native-unix-common\4.1.117.Final\netty-transport-native-unix-common-4.1.117.Final.jar;C:\Users\10822332\.m2\repository\io\netty\netty-transport-classes-epoll\4.1.117.Final\netty-transport-classes-epoll-4.1.117.Final.jar;C:\Users\10822332\.m2\repository\io\projectreactor\netty\reactor-netty-core\1.1.26\reactor-netty-core-1.1.26.jar;C:\Users\10822332\.m2\repository\io\netty\netty-handler-proxy\4.1.117.Final\netty-handler-proxy-4.1.117.Final.jar;C:\Users\10822332\.m2\repository\io\netty\netty-codec-socks\4.1.117.Final\netty-codec-socks-4.1.117.Final.jar;C:\Users\10822332\.m2\repository\org\springframework\spring-webflux\6.1.16\spring-webflux-6.1.16.jar;C:\Users\10822332\.m2\repository\io\projectreactor\reactor-core\3.6.13\reactor-core-3.6.13.jar;C:\Users\10822332\.m2\repository\org\reactivestreams\reactive-streams\1.0.4\reactive-streams-1.0.4.jar;C:\Users\10822332\.m2\repository\org\slf4j\slf4j-api\2.0.16\slf4j-api-2.0.16.jar;"/>
    <property name="sun.cpu.endian" value="little"/>
    <property name="user.home" value="C:\Users\10822332"/>
    <property name="user.language" value="en"/>
    <property name="java.specification.vendor" value="Oracle Corporation"/>
    <property name="java.version.date" value="2024-04-16"/>
    <property name="java.home" value="C:\Program Files\Eclipse Adoptium\jdk-21.0.3.9-hotspot"/>
    <property name="file.separator" value="\"/>
    <property name="basedir" value="c:\Users\10822332\OneDrive - LTIMindtree\Desktop\UserManagement\user-management-backend"/>
    <property name="java.vm.compressedOopsMode" value="Zero based"/>
    <property name="line.separator" value="&#10;"/>
    <property name="java.vm.specification.vendor" value="Oracle Corporation"/>
    <property name="java.specification.name" value="Java Platform API Specification"/>
    <property name="FILE_LOG_CHARSET" value="UTF-8"/>
    <property name="java.awt.headless" value="true"/>
    <property name="surefire.real.class.path" value="C:\Users\10822332\AppData\Local\Temp\surefire2570050367506562123\surefirebooter-20250206225509575_3.jar"/>
    <property name="user.script" value=""/>
    <property name="sun.management.compiler" value="HotSpot 64-Bit Tiered Compilers"/>
    <property name="java.runtime.version" value="21.0.3+9-LTS"/>
    <property name="user.name" value="10822332"/>
    <property name="stdout.encoding" value="Cp1252"/>
    <property name="path.separator" value=";"/>
    <property name="os.version" value="10.0"/>
    <property name="java.runtime.name" value="OpenJDK Runtime Environment"/>
    <property name="file.encoding" value="UTF-8"/>
    <property name="java.vm.name" value="OpenJDK 64-Bit Server VM"/>
    <property name="java.vendor.version" value="Temurin-21.0.3+9"/>
    <property name="localRepository" value="C:\Users\10822332\.m2\repository"/>
    <property name="java.vendor.url.bug" value="https://github.com/adoptium/adoptium-support/issues"/>
    <property name="java.io.tmpdir" value="C:\Users\10822332\AppData\Local\Temp\"/>
    <property name="com.zaxxer.hikari.pool_number" value="1"/>
    <property name="java.version" value="21.0.3"/>
    <property name="user.dir" value="c:\Users\10822332\OneDrive - LTIMindtree\Desktop\UserManagement\user-management-backend"/>
    <property name="os.arch" value="amd64"/>
    <property name="java.vm.specification.name" value="Java Virtual Machine Specification"/>
    <property name="PID" value="17040"/>
    <property name="sun.os.patch.level" value=""/>
    <property name="CONSOLE_LOG_CHARSET" value="UTF-8"/>
    <property name="native.encoding" value="Cp1252"/>
    <property name="java.library.path" value="C:\Program Files\Eclipse Adoptium\jdk-21.0.3.9-hotspot\bin;C:\Windows\Sun\Java\bin;C:\Windows\system32;C:\Windows;C:\Windows\system32;C:\Windows;C:\Windows\System32\Wbem;C:\Windows\System32\WindowsPowerShell\v1.0\;C:\Windows\System32\OpenSSH\;C:\Program Files\nifi-2.0.0-M4\bin;C:\Program Files\jaspersoftstudio;C:\Program Files\spark-3.5.2-bin-hadoop3\bin;C:\Program Files\lombok 1.18.34\lombok;C:\Program Files\Git\cmd;C:\Program Files\nodejs\;C:\Users\10822332\AppData\Local\Microsoft\WindowsApps;C:\Users\10822332\AppData\Local\GitHubDesktop\bin;C:\Users\10822332\AppData\Local\Programs\Microsoft VS Code\bin;C:\Users\10822332\AppData\Roaming\npm;;."/>
    <property name="java.vm.info" value="mixed mode, sharing"/>
    <property name="stderr.encoding" value="Cp1252"/>
    <property name="java.vendor" value="Eclipse Adoptium"/>
    <property name="java.vm.version" value="21.0.3+9-LTS"/>
    <property name="sun.io.unicode.encoding" value="UnicodeLittle"/>
    <property name="java.class.version" value="65.0"/>
    <property name="LOGGED_APPLICATION_NAME" value="[user-management-back-end] "/>
  </properties>
  <testcase name="contextLoads" classname="com.example.user_management_backend.UserManagementBackEndApplicationTests" time="1.071">
    <system-out><![CDATA[22:55:12.518 [main] INFO org.springframework.test.context.support.AnnotationConfigContextLoaderUtils -- Could not detect default configuration classes for test class [com.example.user_management_backend.UserManagementBackEndApplicationTests]: UserManagementBackEndApplicationTests does not declare any static, non-private, non-final, nested classes annotated with @Configuration.
22:55:12.875 [main] INFO org.springframework.boot.test.context.SpringBootTestContextBootstrapper -- Found @SpringBootConfiguration com.example.user_management_backend.UserManagementBackEndApplication for test class com.example.user_management_backend.UserManagementBackEndApplicationTests
22:55:13.438 [main] INFO org.springframework.boot.devtools.restart.RestartApplicationListener -- Restart disabled due to context in which it is running

  .   ____          _            __ _ _
 /\\ / ___'_ __ _ _(_)_ __  __ _ \ \ \ \
( ( )\___ | '_ | '_| | '_ \/ _` | \ \ \ \
 \\/  ___)| |_)| | | | | || (_| |  ) ) ) )
  '  |____| .__|_| |_|_| |_\__, | / / / /
 =========|_|==============|___/=/_/_/_/

&amp#27;[32m :: Spring Boot :: &amp#27;[39m              &amp#27;[2m (v3.3.8)&amp#27;[0;39m

&amp#27;[2m2025-02-06T22:55:14.254+05:30&amp#27;[0;39m &amp#27;[32m INFO&amp#27;[0;39m &amp#27;[35m17040&amp#27;[0;39m &amp#27;[2m---&amp#27;[0;39m &amp#27;[2m[user-management-back-end] [           main]&amp#27;[0;39m &amp#27;[2m&amp#27;[0;39m&amp#27;[36m.u.UserManagementBackEndApplicationTests&amp#27;[0;39m &amp#27;[2m:&amp#27;[0;39m Starting UserManagementBackEndApplicationTests using Java 21.0.3 with PID 17040 (started by 10822332 in c:\Users\10822332\OneDrive - LTIMindtree\Desktop\UserManagement\user-management-backend)
&amp#27;[2m2025-02-06T22:55:14.257+05:30&amp#27;[0;39m &amp#27;[32m INFO&amp#27;[0;39m &amp#27;[35m17040&amp#27;[0;39m &amp#27;[2m---&amp#27;[0;39m &amp#27;[2m[user-management-back-end] [           main]&amp#27;[0;39m &amp#27;[2m&amp#27;[0;39m&amp#27;[36m.u.UserManagementBackEndApplicationTests&amp#27;[0;39m &amp#27;[2m:&amp#27;[0;39m No active profile set, falling back to 1 default profile: "default"
&amp#27;[2m2025-02-06T22:55:14.355+05:30&amp#27;[0;39m &amp#27;[32mDEBUG&amp#27;[0;39m &amp#27;[35m17040&amp#27;[0;39m &amp#27;[2m---&amp#27;[0;39m &amp#27;[2m[user-management-back-end] [           main]&amp#27;[0;39m &amp#27;[2m&amp#27;[0;39m&amp#27;[36mo.s.w.c.s.GenericWebApplicationContext  &amp#27;[0;39m &amp#27;[2m:&amp#27;[0;39m Refreshing org.springframework.web.context.support.GenericWebApplicationContext@50b1f030
&amp#27;[2m2025-02-06T22:55:17.685+05:30&amp#27;[0;39m &amp#27;[32m INFO&amp#27;[0;39m &amp#27;[35m17040&amp#27;[0;39m &amp#27;[2m---&amp#27;[0;39m &amp#27;[2m[user-management-back-end] [           main]&amp#27;[0;39m &amp#27;[2m&amp#27;[0;39m&amp#27;[36m.s.d.r.c.RepositoryConfigurationDelegate&amp#27;[0;39m &amp#27;[2m:&amp#27;[0;39m Bootstrapping Spring Data JPA repositories in DEFAULT mode.
&amp#27;[2m2025-02-06T22:55:18.288+05:30&amp#27;[0;39m &amp#27;[32m INFO&amp#27;[0;39m &amp#27;[35m17040&amp#27;[0;39m &amp#27;[2m---&amp#27;[0;39m &amp#27;[2m[user-management-back-end] [           main]&amp#27;[0;39m &amp#27;[2m&amp#27;[0;39m&amp#27;[36m.s.d.r.c.RepositoryConfigurationDelegate&amp#27;[0;39m &amp#27;[2m:&amp#27;[0;39m Finished Spring Data repository scanning in 585 ms. Found 2 JPA repository interfaces.
&amp#27;[2m2025-02-06T22:55:20.443+05:30&amp#27;[0;39m &amp#27;[32m INFO&amp#27;[0;39m &amp#27;[35m17040&amp#27;[0;39m &amp#27;[2m---&amp#27;[0;39m &amp#27;[2m[user-management-back-end] [           main]&amp#27;[0;39m &amp#27;[2m&amp#27;[0;39m&amp#27;[36mcom.zaxxer.hikari.HikariDataSource      &amp#27;[0;39m &amp#27;[2m:&amp#27;[0;39m HikariPool-1 - Starting...
&amp#27;[2m2025-02-06T22:55:21.235+05:30&amp#27;[0;39m &amp#27;[32m INFO&amp#27;[0;39m &amp#27;[35m17040&amp#27;[0;39m &amp#27;[2m---&amp#27;[0;39m &amp#27;[2m[user-management-back-end] [           main]&amp#27;[0;39m &amp#27;[2m&amp#27;[0;39m&amp#27;[36mcom.zaxxer.hikari.pool.HikariPool       &amp#27;[0;39m &amp#27;[2m:&amp#27;[0;39m HikariPool-1 - Added connection conn0: url=jdbc:h2:mem:mydb user=SA
&amp#27;[2m2025-02-06T22:55:21.239+05:30&amp#27;[0;39m &amp#27;[32m INFO&amp#27;[0;39m &amp#27;[35m17040&amp#27;[0;39m &amp#27;[2m---&amp#27;[0;39m &amp#27;[2m[user-management-back-end] [           main]&amp#27;[0;39m &amp#27;[2m&amp#27;[0;39m&amp#27;[36mcom.zaxxer.hikari.HikariDataSource      &amp#27;[0;39m &amp#27;[2m:&amp#27;[0;39m HikariPool-1 - Start completed.
&amp#27;[2m2025-02-06T22:55:21.265+05:30&amp#27;[0;39m &amp#27;[32mDEBUG&amp#27;[0;39m &amp#27;[35m17040&amp#27;[0;39m &amp#27;[2m---&amp#27;[0;39m &amp#27;[2m[user-management-back-end] [           main]&amp#27;[0;39m &amp#27;[2m&amp#27;[0;39m&amp#27;[36mo.s.jdbc.datasource.init.ScriptUtils    &amp#27;[0;39m &amp#27;[2m:&amp#27;[0;39m Executing SQL script from class path resource [init.sql]
&amp#27;[2m2025-02-06T22:55:21.340+05:30&amp#27;[0;39m &amp#27;[32mDEBUG&amp#27;[0;39m &amp#27;[35m17040&amp#27;[0;39m &amp#27;[2m---&amp#27;[0;39m &amp#27;[2m[user-management-back-end] [           main]&amp#27;[0;39m &amp#27;[2m&amp#27;[0;39m&amp#27;[36mo.s.jdbc.datasource.init.ScriptUtils    &amp#27;[0;39m &amp#27;[2m:&amp#27;[0;39m 0 returned as update count for SQL: CREATE TABLE USERS ( id BIGINT AUTO_INCREMENT PRIMARY KEY, name VARCHAR(255) NOT NULL, email VARCHAR(255) NOT NULL UNIQUE, password VARCHAR(255) NOT NULL, role VARCHAR(50), gender VARCHAR(50), address VARCHAR(255), phone VARCHAR(50) )
&amp#27;[2m2025-02-06T22:55:21.378+05:30&amp#27;[0;39m &amp#27;[32mDEBUG&amp#27;[0;39m &amp#27;[35m17040&amp#27;[0;39m &amp#27;[2m---&amp#27;[0;39m &amp#27;[2m[user-management-back-end] [           main]&amp#27;[0;39m &amp#27;[2m&amp#27;[0;39m&amp#27;[36mo.s.jdbc.datasource.init.ScriptUtils    &amp#27;[0;39m &amp#27;[2m:&amp#27;[0;39m 44 returned as update count for SQL: INSERT INTO USERS (name, email, password, role, gender, address, phone) VALUES ('John Doe', 'john.doe@example.com', 'password', 'USER', 'Male', '123 Main St', '123-456-7890'), ('Jane Smith', 'jane.smith@example.com', 'password', 'ADMIN', 'Female', '456 Elm St', '987-654-3210'), ('Alice Johnson', 'alice.johnson@example.com', 'password', 'USER', 'Female', '789 Oak St', '555-123-4567'), ('Bob Brown', 'bob.brown@example.com', 'password', 'USER', 'Male', '321 Pine St', '555-987-6543'), ('Charlie Davis', 'charlie.davis@example.com', 'password', 'ADMIN', 'Male', '654 Maple St', '555-234-5678'), ('Diana Evans', 'diana.evans@example.com', 'password', 'USER', 'Female', '987 Willow St', '555-345-6789'), ('Frank Green', 'frank.green@example.com', 'password', 'USER', 'Male', '159 Cedar St', '555-456-7890'), ('Grace Hall', 'grace.hall@example.com', 'password', 'ADMIN', 'Female', '753 Birch St', '555-567-8901'), ('Henry Wright', 'henry.wright@example.com', 'password', 'USER', 'Male', '246 Spruce St', '555-678-9012'), ('Ivy King', 'ivy.king@example.com', 'password', 'USER', 'Female', '369 Elm St', '555-789-0123'), ('Jack Lee', 'jack.lee@example.com', 'password', 'ADMIN', 'Male', '852 Aspen St', '555-890-1234'), ('Karen Miller', 'karen.miller@example.com', 'password', 'USER', 'Female', '159 Cedar St', '555-901-2345'), ('Leo Nelson', 'leo.nelson@example.com', 'password', 'USER', 'Male', '753 Birch St', '555-112-2334'), ('Mia Perez', 'mia.perez@example.com', 'password', 'USER', 'Female', '246 Spruce St', '555-223-3445'), ('Nick Robinson', 'nick.robinson@example.com', 'password', 'USER', 'Male', '369 Elm St', '555-334-4556'), ('Olivia Scott', 'olivia.scott@example.com', 'password', 'ADMIN', 'Female', '852 Aspen St', '555-445-5667'), ('Paul Turner', 'paul.turner@example.com', 'password', 'USER', 'Male', '159 Cedar St', '555-556-6778'), ('Quinn Walker', 'quinn.walker@example.com', 'password', 'USER', 'Female', '753 Birch St', '555-667-7889'), ('Rachel Young', 'rachel.young@example.com', 'password', 'USER', 'Female', '246 Spruce St', '555-778-8990'), ('Sam Adams', 'sam.adams@example.com', 'password', 'ADMIN', 'Male', '369 Elm St', '555-889-9001'), ('Tina Baker', 'tina.baker@example.com', 'password', 'USER', 'Female', '852 Aspen St', '555-990-1122'), ('Uma Clark', 'uma.clark@example.com', 'password', 'USER', 'Female', '159 Cedar St', '555-101-2233'), ('Victor Diaz', 'victor.diaz@example.com', 'password', 'USER', 'Male', '753 Birch St', '555-212-3344'), ('Wendy Flores', 'wendy.flores@example.com', 'password', 'ADMIN', 'Female', '246 Spruce St', '555-323-4455'), ('Xander Gomez', 'xander.gomez@example.com', 'password', 'USER', 'Male', '369 Elm St', '555-434-5566'), ('Yara Hayes', 'yara.hayes@example.com', 'password', 'USER', 'Female', '852 Aspen St', '555-545-6677'), ('Zack Ingram', 'zack.ingram@example.com', 'password', 'ADMIN', 'Male', '159 Cedar St', '555-656-7788'), ('Amber Jordan', 'amber.jordan@example.com', 'password', 'USER', 'Female', '753 Birch St', '555-767-8899'), ('Ben Kelly', 'ben.kelly@example.com', 'password', 'USER', 'Male', '246 Spruce St', '555-878-9900'), ('Chloe Lewis', 'chloe.lewis@example.com', 'password', 'ADMIN', 'Female', '369 Elm St', '555-989-0011'), ('Daniel Martinez', 'daniel.martinez@example.com', 'password', 'USER', 'Male', '852 Aspen St', '555-090-1122'), ('Eva Nelson', 'eva.nelson@example.com', 'password', 'USER', 'Female', '159 Cedar St', '555-201-2233'), ('Finn Ortiz', 'finn.ortiz@example.com', 'password', 'USER', 'Male', '753 Birch St', '555-312-3344'), ('Grace Patel', 'grace.patel@example.com', 'password', 'ADMIN', 'Female', '246 Spruce St', '555-423-4455'), ('Henry Ramirez', 'henry.ramirez@example.com', 'password', 'USER', 'Male', '369 Elm St', '555-534-5566'), ('Ivy Simmons', 'ivy.simmons@example.com', 'password', 'USER', 'Female', '852 Aspen St', '555-645-6677'), ('Jack Thomas', 'jack.thomas@example.com', 'password', 'ADMIN', 'Male', '159 Cedar St', '555-756-7788'), ('Kimberly Underwood', 'kimberly.underwood@example.com', 'password', 'USER', 'Female', '753 Birch St', '555-867-8899'), ('Leo Vasquez', 'leo.vasquez@example.com', 'password', 'USER', 'Male', '246 Spruce St', '555-978-9900'), ('Mia White', 'mia.white@example.com', 'password', 'ADMIN', 'Female', '369 Elm St', '555-089-0011'), ('Nick Xu', 'nick.xu@example.com', 'password', 'USER', 'Male', '852 Aspen St', '555-190-1122'), ('Olivia Yang', 'olivia.yang@example.com', 'password', 'USER', 'Female', '159 Cedar St', '555-301-2233'), ('Paul Zimmer', 'paul.zimmer@example.com', 'password', 'USER', 'Male', '753 Birch St', '555-412-3344'), ('Quinn Adams', 'quinn.adams@example.com', 'password', 'ADMIN', 'Female', '246 Spruce St', '555-523-4455')
&amp#27;[2m2025-02-06T22:55:21.382+05:30&amp#27;[0;39m &amp#27;[32mDEBUG&amp#27;[0;39m &amp#27;[35m17040&amp#27;[0;39m &amp#27;[2m---&amp#27;[0;39m &amp#27;[2m[user-management-back-end] [           main]&amp#27;[0;39m &amp#27;[2m&amp#27;[0;39m&amp#27;[36mo.s.jdbc.datasource.init.ScriptUtils    &amp#27;[0;39m &amp#27;[2m:&amp#27;[0;39m Executed SQL script from class path resource [init.sql] in 113 ms.
&amp#27;[2m2025-02-06T22:55:21.724+05:30&amp#27;[0;39m &amp#27;[32m INFO&amp#27;[0;39m &amp#27;[35m17040&amp#27;[0;39m &amp#27;[2m---&amp#27;[0;39m &amp#27;[2m[user-management-back-end] [           main]&amp#27;[0;39m &amp#27;[2m&amp#27;[0;39m&amp#27;[36mo.hibernate.jpa.internal.util.LogHelper &amp#27;[0;39m &amp#27;[2m:&amp#27;[0;39m HHH000204: Processing PersistenceUnitInfo [name: default]
&amp#27;[2m2025-02-06T22:55:21.914+05:30&amp#27;[0;39m &amp#27;[32m INFO&amp#27;[0;39m &amp#27;[35m17040&amp#27;[0;39m &amp#27;[2m---&amp#27;[0;39m &amp#27;[2m[user-management-back-end] [           main]&amp#27;[0;39m &amp#27;[2m&amp#27;[0;39m&amp#27;[36morg.hibernate.Version                   &amp#27;[0;39m &amp#27;[2m:&amp#27;[0;39m HHH000412: Hibernate ORM core version 6.5.3.Final
&amp#27;[2m2025-02-06T22:55:22.052+05:30&amp#27;[0;39m &amp#27;[32m INFO&amp#27;[0;39m &amp#27;[35m17040&amp#27;[0;39m &amp#27;[2m---&amp#27;[0;39m &amp#27;[2m[user-management-back-end] [           main]&amp#27;[0;39m &amp#27;[2m&amp#27;[0;39m&amp#27;[36mo.h.c.internal.RegionFactoryInitiator   &amp#27;[0;39m &amp#27;[2m:&amp#27;[0;39m HHH000026: Second-level cache disabled
&amp#27;[2m2025-02-06T22:55:22.383+05:30&amp#27;[0;39m &amp#27;[32mDEBUG&amp#27;[0;39m &amp#27;[35m17040&amp#27;[0;39m &amp#27;[2m---&amp#27;[0;39m &amp#27;[2m[user-management-back-end] [           main]&amp#27;[0;39m &amp#27;[2m&amp#27;[0;39m&amp#27;[36morg.hibernate.type.BasicTypeRegistry    &amp#27;[0;39m &amp#27;[2m:&amp#27;[0;39m Adding type registration boolean -> org.hibernate.type.BasicTypeReference@432f4626
&amp#27;[2m2025-02-06T22:55:22.384+05:30&amp#27;[0;39m &amp#27;[32mDEBUG&amp#27;[0;39m &amp#27;[35m17040&amp#27;[0;39m &amp#27;[2m---&amp#27;[0;39m &amp#27;[2m[user-management-back-end] [           main]&amp#27;[0;39m &amp#27;[2m&amp#27;[0;39m&amp#27;[36morg.hibernate.type.BasicTypeRegistry    &amp#27;[0;39m &amp#27;[2m:&amp#27;[0;39m Adding type registration boolean -> org.hibernate.type.BasicTypeReference@432f4626
&amp#27;[2m2025-02-06T22:55:22.384+05:30&amp#27;[0;39m &amp#27;[32mDEBUG&amp#27;[0;39m &amp#27;[35m17040&amp#27;[0;39m &amp#27;[2m---&amp#27;[0;39m &amp#27;[2m[user-management-back-end] [           main]&amp#27;[0;39m &amp#27;[2m&amp#27;[0;39m&amp#27;[36morg.hibernate.type.BasicTypeRegistry    &amp#27;[0;39m &amp#27;[2m:&amp#27;[0;39m Adding type registration java.lang.Boolean -> org.hibernate.type.BasicTypeReference@432f4626
&amp#27;[2m2025-02-06T22:55:22.384+05:30&amp#27;[0;39m &amp#27;[32mDEBUG&amp#27;[0;39m &amp#27;[35m17040&amp#27;[0;39m &amp#27;[2m---&amp#27;[0;39m &amp#27;[2m[user-management-back-end] [           main]&amp#27;[0;39m &amp#27;[2m&amp#27;[0;39m&amp#27;[36morg.hibernate.type.BasicTypeRegistry    &amp#27;[0;39m &amp#27;[2m:&amp#27;[0;39m Adding type registration numeric_boolean -> org.hibernate.type.BasicTypeReference@297c3a43
&amp#27;[2m2025-02-06T22:55:22.384+05:30&amp#27;[0;39m &amp#27;[32mDEBUG&amp#27;[0;39m &amp#27;[35m17040&amp#27;[0;39m &amp#27;[2m---&amp#27;[0;39m &amp#27;[2m[user-management-back-end] [           main]&amp#27;[0;39m &amp#27;[2m&amp#27;[0;39m&amp#27;[36morg.hibernate.type.BasicTypeRegistry    &amp#27;[0;39m &amp#27;[2m:&amp#27;[0;39m Adding type registration org.hibernate.type.NumericBooleanConverter -> org.hibernate.type.BasicTypeReference@297c3a43
&amp#27;[2m2025-02-06T22:55:22.385+05:30&amp#27;[0;39m &amp#27;[32mDEBUG&amp#27;[0;39m &amp#27;[35m17040&amp#27;[0;39m &amp#27;[2m---&amp#27;[0;39m &amp#27;[2m[user-management-back-end] [           main]&amp#27;[0;39m &amp#27;[2m&amp#27;[0;39m&amp#27;[36morg.hibernate.type.BasicTypeRegistry    &amp#27;[0;39m &amp#27;[2m:&amp#27;[0;39m Adding type registration true_false -> org.hibernate.type.BasicTypeReference@4c79ca55
&amp#27;[2m2025-02-06T22:55:22.385+05:30&amp#27;[0;39m &amp#27;[32mDEBUG&amp#27;[0;39m &amp#27;[35m17040&amp#27;[0;39m &amp#27;[2m---&amp#27;[0;39m &amp#27;[2m[user-management-back-end] [           main]&amp#27;[0;39m &amp#27;[2m&amp#27;[0;39m&amp#27;[36morg.hibernate.type.BasicTypeRegistry    &amp#27;[0;39m &amp#27;[2m:&amp#27;[0;39m Adding type registration org.hibernate.type.TrueFalseConverter -> org.hibernate.type.BasicTypeReference@4c79ca55
&amp#27;[2m2025-02-06T22:55:22.385+05:30&amp#27;[0;39m &amp#27;[32mDEBUG&amp#27;[0;39m &amp#27;[35m17040&amp#27;[0;39m &amp#27;[2m---&amp#27;[0;39m &amp#27;[2m[user-management-back-end] [           main]&amp#27;[0;39m &amp#27;[2m&amp#27;[0;39m&amp#27;[36morg.hibernate.type.BasicTypeRegistry    &amp#27;[0;39m &amp#27;[2m:&amp#27;[0;39m Adding type registration yes_no -> org.hibernate.type.BasicTypeReference@3a63d248
&amp#27;[2m2025-02-06T22:55:22.386+05:30&amp#27;[0;39m &amp#27;[32mDEBUG&amp#27;[0;39m &amp#27;[35m17040&amp#27;[0;39m &amp#27;[2m---&amp#27;[0;39m &amp#27;[2m[user-management-back-end] [           main]&amp#27;[0;39m &amp#27;[2m&amp#27;[0;39m&amp#27;[36morg.hibernate.type.BasicTypeRegistry    &amp#27;[0;39m &amp#27;[2m:&amp#27;[0;39m Adding type registration org.hibernate.type.YesNoConverter -> org.hibernate.type.BasicTypeReference@3a63d248
&amp#27;[2m2025-02-06T22:55:22.386+05:30&amp#27;[0;39m &amp#27;[32mDEBUG&amp#27;[0;39m &amp#27;[35m17040&amp#27;[0;39m &amp#27;[2m---&amp#27;[0;39m &amp#27;[2m[user-management-back-end] [           main]&amp#27;[0;39m &amp#27;[2m&amp#27;[0;39m&amp#27;[36morg.hibernate.type.BasicTypeRegistry    &amp#27;[0;39m &amp#27;[2m:&amp#27;[0;39m Adding type registration byte -> org.hibernate.type.BasicTypeReference@3c4ad54
&amp#27;[2m2025-02-06T22:55:22.386+05:30&amp#27;[0;39m &amp#27;[32mDEBUG&amp#27;[0;39m &amp#27;[35m17040&amp#27;[0;39m &amp#27;[2m---&amp#27;[0;39m &amp#27;[2m[user-management-back-end] [           main]&amp#27;[0;39m &amp#27;[2m&amp#27;[0;39m&amp#27;[36morg.hibernate.type.BasicTypeRegistry    &amp#27;[0;39m &amp#27;[2m:&amp#27;[0;39m Adding type registration byte -> org.hibernate.type.BasicTypeReference@3c4ad54
&amp#27;[2m2025-02-06T22:55:22.387+05:30&amp#27;[0;39m &amp#27;[32mDEBUG&amp#27;[0;39m &amp#27;[35m17040&amp#27;[0;39m &amp#27;[2m---&amp#27;[0;39m &amp#27;[2m[user-management-back-end] [           main]&amp#27;[0;39m &amp#27;[2m&amp#27;[0;39m&amp#27;[36morg.hibernate.type.BasicTypeRegistry    &amp#27;[0;39m &amp#27;[2m:&amp#27;[0;39m Adding type registration java.lang.Byte -> org.hibernate.type.BasicTypeReference@3c4ad54
&amp#27;[2m2025-02-06T22:55:22.387+05:30&amp#27;[0;39m &amp#27;[32mDEBUG&amp#27;[0;39m &amp#27;[35m17040&amp#27;[0;39m &amp#27;[2m---&amp#27;[0;39m &amp#27;[2m[user-management-back-end] [           main]&amp#27;[0;39m &amp#27;[2m&amp#27;[0;39m&amp#27;[36morg.hibernate.type.BasicTypeRegistry    &amp#27;[0;39m &amp#27;[2m:&amp#27;[0;39m Adding type registration binary -> org.hibernate.type.BasicTypeReference@4b22214d
&amp#27;[2m2025-02-06T22:55:22.387+05:30&amp#27;[0;39m &amp#27;[32mDEBUG&amp#27;[0;39m &amp#27;[35m17040&amp#27;[0;39m &amp#27;[2m---&amp#27;[0;39m &amp#27;[2m[user-management-back-end] [           main]&amp#27;[0;39m &amp#27;[2m&amp#27;[0;39m&amp#27;[36morg.hibernate.type.BasicTypeRegistry    &amp#27;[0;39m &amp#27;[2m:&amp#27;[0;39m Adding type registration byte[] -> org.hibernate.type.BasicTypeReference@4b22214d
&amp#27;[2m2025-02-06T22:55:22.387+05:30&amp#27;[0;39m &amp#27;[32mDEBUG&amp#27;[0;39m &amp#27;[35m17040&amp#27;[0;39m &amp#27;[2m---&amp#27;[0;39m &amp#27;[2m[user-management-back-end] [           main]&amp#27;[0;39m &amp#27;[2m&amp#27;[0;39m&amp#27;[36morg.hibernate.type.BasicTypeRegistry    &amp#27;[0;39m &amp#27;[2m:&amp#27;[0;39m Adding type registration [B -> org.hibernate.type.BasicTypeReference@4b22214d
&amp#27;[2m2025-02-06T22:55:22.388+05:30&amp#27;[0;39m &amp#27;[32mDEBUG&amp#27;[0;39m &amp#27;[35m17040&amp#27;[0;39m &amp#27;[2m---&amp#27;[0;39m &amp#27;[2m[user-management-back-end] [           main]&amp#27;[0;39m &amp#27;[2m&amp#27;[0;39m&amp#27;[36morg.hibernate.type.BasicTypeRegistry    &amp#27;[0;39m &amp#27;[2m:&amp#27;[0;39m Adding type registration binary_wrapper -> org.hibernate.type.BasicTypeReference@498b611e
&amp#27;[2m2025-02-06T22:55:22.388+05:30&amp#27;[0;39m &amp#27;[32mDEBUG&amp#27;[0;39m &amp#27;[35m17040&amp#27;[0;39m &amp#27;[2m---&amp#27;[0;39m &amp#27;[2m[user-management-back-end] [           main]&amp#27;[0;39m &amp#27;[2m&amp#27;[0;39m&amp#27;[36morg.hibernate.type.BasicTypeRegistry    &amp#27;[0;39m &amp#27;[2m:&amp#27;[0;39m Adding type registration wrapper-binary -> org.hibernate.type.BasicTypeReference@498b611e
&amp#27;[2m2025-02-06T22:55:22.388+05:30&amp#27;[0;39m &amp#27;[32mDEBUG&amp#27;[0;39m &amp#27;[35m17040&amp#27;[0;39m &amp#27;[2m---&amp#27;[0;39m &amp#27;[2m[user-management-back-end] [           main]&amp#27;[0;39m &amp#27;[2m&amp#27;[0;39m&amp#27;[36morg.hibernate.type.BasicTypeRegistry    &amp#27;[0;39m &amp#27;[2m:&amp#27;[0;39m Adding type registration image -> org.hibernate.type.BasicTypeReference@6dde1bf5
&amp#27;[2m2025-02-06T22:55:22.389+05:30&amp#27;[0;39m &amp#27;[32mDEBUG&amp#27;[0;39m &amp#27;[35m17040&amp#27;[0;39m &amp#27;[2m---&amp#27;[0;39m &amp#27;[2m[user-management-back-end] [           main]&amp#27;[0;39m &amp#27;[2m&amp#27;[0;39m&amp#27;[36morg.hibernate.type.BasicTypeRegistry    &amp#27;[0;39m &amp#27;[2m:&amp#27;[0;39m Adding type registration blob -> org.hibernate.type.BasicTypeReference@4b56b517
&amp#27;[2m2025-02-06T22:55:22.389+05:30&amp#27;[0;39m &amp#27;[32mDEBUG&amp#27;[0;39m &amp#27;[35m17040&amp#27;[0;39m &amp#27;[2m---&amp#27;[0;39m &amp#27;[2m[user-management-back-end] [           main]&amp#27;[0;39m &amp#27;[2m&amp#27;[0;39m&amp#27;[36morg.hibernate.type.BasicTypeRegistry    &amp#27;[0;39m &amp#27;[2m:&amp#27;[0;39m Adding type registration java.sql.Blob -> org.hibernate.type.BasicTypeReference@4b56b517
&amp#27;[2m2025-02-06T22:55:22.389+05:30&amp#27;[0;39m &amp#27;[32mDEBUG&amp#27;[0;39m &amp#27;[35m17040&amp#27;[0;39m &amp#27;[2m---&amp#27;[0;39m &amp#27;[2m[user-management-back-end] [           main]&amp#27;[0;39m &amp#27;[2m&amp#27;[0;39m&amp#27;[36morg.hibernate.type.BasicTypeRegistry    &amp#27;[0;39m &amp#27;[2m:&amp#27;[0;39m Adding type registration materialized_blob -> org.hibernate.type.BasicTypeReference@1124dd79
&amp#27;[2m2025-02-06T22:55:22.389+05:30&amp#27;[0;39m &amp#27;[32mDEBUG&amp#27;[0;39m &amp#27;[35m17040&amp#27;[0;39m &amp#27;[2m---&amp#27;[0;39m &amp#27;[2m[user-management-back-end] [           main]&amp#27;[0;39m &amp#27;[2m&amp#27;[0;39m&amp#27;[36morg.hibernate.type.BasicTypeRegistry    &amp#27;[0;39m &amp#27;[2m:&amp#27;[0;39m Adding type registration materialized_blob_wrapper -> org.hibernate.type.BasicTypeReference@335cdd2
&amp#27;[2m2025-02-06T22:55:22.390+05:30&amp#27;[0;39m &amp#27;[32mDEBUG&amp#27;[0;39m &amp#27;[35m17040&amp#27;[0;39m &amp#27;[2m---&amp#27;[0;39m &amp#27;[2m[user-management-back-end] [           main]&amp#27;[0;39m &amp#27;[2m&amp#27;[0;39m&amp#27;[36morg.hibernate.type.BasicTypeRegistry    &amp#27;[0;39m &amp#27;[2m:&amp#27;[0;39m Adding type registration short -> org.hibernate.type.BasicTypeReference@1ea96ff2
&amp#27;[2m2025-02-06T22:55:22.390+05:30&amp#27;[0;39m &amp#27;[32mDEBUG&amp#27;[0;39m &amp#27;[35m17040&amp#27;[0;39m &amp#27;[2m---&amp#27;[0;39m &amp#27;[2m[user-management-back-end] [           main]&amp#27;[0;39m &amp#27;[2m&amp#27;[0;39m&amp#27;[36morg.hibernate.type.BasicTypeRegistry    &amp#27;[0;39m &amp#27;[2m:&amp#27;[0;39m Adding type registration short -> org.hibernate.type.BasicTypeReference@1ea96ff2
&amp#27;[2m2025-02-06T22:55:22.390+05:30&amp#27;[0;39m &amp#27;[32mDEBUG&amp#27;[0;39m &amp#27;[35m17040&amp#27;[0;39m &amp#27;[2m---&amp#27;[0;39m &amp#27;[2m[user-management-back-end] [           main]&amp#27;[0;39m &amp#27;[2m&amp#27;[0;39m&amp#27;[36morg.hibernate.type.BasicTypeRegistry    &amp#27;[0;39m &amp#27;[2m:&amp#27;[0;39m Adding type registration java.lang.Short -> org.hibernate.type.BasicTypeReference@1ea96ff2
&amp#27;[2m2025-02-06T22:55:22.390+05:30&amp#27;[0;39m &amp#27;[32mDEBUG&amp#27;[0;39m &amp#27;[35m17040&amp#27;[0;39m &amp#27;[2m---&amp#27;[0;39m &amp#27;[2m[user-management-back-end] [           main]&amp#27;[0;39m &amp#27;[2m&amp#27;[0;39m&amp#27;[36morg.hibernate.type.BasicTypeRegistry    &amp#27;[0;39m &amp#27;[2m:&amp#27;[0;39m Adding type registration integer -> org.hibernate.type.BasicTypeReference@60a99f3d
&amp#27;[2m2025-02-06T22:55:22.391+05:30&amp#27;[0;39m &amp#27;[32mDEBUG&amp#27;[0;39m &amp#27;[35m17040&amp#27;[0;39m &amp#27;[2m---&amp#27;[0;39m &amp#27;[2m[user-management-back-end] [           main]&amp#27;[0;39m &amp#27;[2m&amp#27;[0;39m&amp#27;[36morg.hibernate.type.BasicTypeRegistry    &amp#27;[0;39m &amp#27;[2m:&amp#27;[0;39m Adding type registration int -> org.hibernate.type.BasicTypeReference@60a99f3d
&amp#27;[2m2025-02-06T22:55:22.391+05:30&amp#27;[0;39m &amp#27;[32mDEBUG&amp#27;[0;39m &amp#27;[35m17040&amp#27;[0;39m &amp#27;[2m---&amp#27;[0;39m &amp#27;[2m[user-management-back-end] [           main]&amp#27;[0;39m &amp#27;[2m&amp#27;[0;39m&amp#27;[36morg.hibernate.type.BasicTypeRegistry    &amp#27;[0;39m &amp#27;[2m:&amp#27;[0;39m Adding type registration java.lang.Integer -> org.hibernate.type.BasicTypeReference@60a99f3d
&amp#27;[2m2025-02-06T22:55:22.391+05:30&amp#27;[0;39m &amp#27;[32mDEBUG&amp#27;[0;39m &amp#27;[35m17040&amp#27;[0;39m &amp#27;[2m---&amp#27;[0;39m &amp#27;[2m[user-management-back-end] [           main]&amp#27;[0;39m &amp#27;[2m&amp#27;[0;39m&amp#27;[36morg.hibernate.type.BasicTypeRegistry    &amp#27;[0;39m &amp#27;[2m:&amp#27;[0;39m Adding type registration long -> org.hibernate.type.BasicTypeReference@57515944
&amp#27;[2m2025-02-06T22:55:22.392+05:30&amp#27;[0;39m &amp#27;[32mDEBUG&amp#27;[0;39m &amp#27;[35m17040&amp#27;[0;39m &amp#27;[2m---&amp#27;[0;39m &amp#27;[2m[user-management-back-end] [           main]&amp#27;[0;39m &amp#27;[2m&amp#27;[0;39m&amp#27;[36morg.hibernate.type.BasicTypeRegistry    &amp#27;[0;39m &amp#27;[2m:&amp#27;[0;39m Adding type registration long -> org.hibernate.type.BasicTypeReference@57515944
&amp#27;[2m2025-02-06T22:55:22.392+05:30&amp#27;[0;39m &amp#27;[32mDEBUG&amp#27;[0;39m &amp#27;[35m17040&amp#27;[0;39m &amp#27;[2m---&amp#27;[0;39m &amp#27;[2m[user-management-back-end] [           main]&amp#27;[0;39m &amp#27;[2m&amp#27;[0;39m&amp#27;[36morg.hibernate.type.BasicTypeRegistry    &amp#27;[0;39m &amp#27;[2m:&amp#27;[0;39m Adding type registration java.lang.Long -> org.hibernate.type.BasicTypeReference@57515944
&amp#27;[2m2025-02-06T22:55:22.392+05:30&amp#27;[0;39m &amp#27;[32mDEBUG&amp#27;[0;39m &amp#27;[35m17040&amp#27;[0;39m &amp#27;[2m---&amp#27;[0;39m &amp#27;[2m[user-management-back-end] [           main]&amp#27;[0;39m &amp#27;[2m&amp#27;[0;39m&amp#27;[36morg.hibernate.type.BasicTypeRegistry    &amp#27;[0;39m &amp#27;[2m:&amp#27;[0;39m Adding type registration float -> org.hibernate.type.BasicTypeReference@7a274521
&amp#27;[2m2025-02-06T22:55:22.392+05:30&amp#27;[0;39m &amp#27;[32mDEBUG&amp#27;[0;39m &amp#27;[35m17040&amp#27;[0;39m &amp#27;[2m---&amp#27;[0;39m &amp#27;[2m[user-management-back-end] [           main]&amp#27;[0;39m &amp#27;[2m&amp#27;[0;39m&amp#27;[36morg.hibernate.type.BasicTypeRegistry    &amp#27;[0;39m &amp#27;[2m:&amp#27;[0;39m Adding type registration float -> org.hibernate.type.BasicTypeReference@7a274521
&amp#27;[2m2025-02-06T22:55:22.393+05:30&amp#27;[0;39m &amp#27;[32mDEBUG&amp#27;[0;39m &amp#27;[35m17040&amp#27;[0;39m &amp#27;[2m---&amp#27;[0;39m &amp#27;[2m[user-management-back-end] [           main]&amp#27;[0;39m &amp#27;[2m&amp#27;[0;39m&amp#27;[36morg.hibernate.type.BasicTypeRegistry    &amp#27;[0;39m &amp#27;[2m:&amp#27;[0;39m Adding type registration java.lang.Float -> org.hibernate.type.BasicTypeReference@7a274521
&amp#27;[2m2025-02-06T22:55:22.393+05:30&amp#27;[0;39m &amp#27;[32mDEBUG&amp#27;[0;39m &amp#27;[35m17040&amp#27;[0;39m &amp#27;[2m---&amp#27;[0;39m &amp#27;[2m[user-management-back-end] [           main]&amp#27;[0;39m &amp#27;[2m&amp#27;[0;39m&amp#27;[36morg.hibernate.type.BasicTypeRegistry    &amp#27;[0;39m &amp#27;[2m:&amp#27;[0;39m Adding type registration double -> org.hibernate.type.BasicTypeReference@2fa47368
&amp#27;[2m2025-02-06T22:55:22.393+05:30&amp#27;[0;39m &amp#27;[32mDEBUG&amp#27;[0;39m &amp#27;[35m17040&amp#27;[0;39m &amp#27;[2m---&amp#27;[0;39m &amp#27;[2m[user-management-back-end] [           main]&amp#27;[0;39m &amp#27;[2m&amp#27;[0;39m&amp#27;[36morg.hibernate.type.BasicTypeRegistry    &amp#27;[0;39m &amp#27;[2m:&amp#27;[0;39m Adding type registration double -> org.hibernate.type.BasicTypeReference@2fa47368
&amp#27;[2m2025-02-06T22:55:22.394+05:30&amp#27;[0;39m &amp#27;[32mDEBUG&amp#27;[0;39m &amp#27;[35m17040&amp#27;[0;39m &amp#27;[2m---&amp#27;[0;39m &amp#27;[2m[user-management-back-end] [           main]&amp#27;[0;39m &amp#27;[2m&amp#27;[0;39m&amp#27;[36morg.hibernate.type.BasicTypeRegistry    &amp#27;[0;39m &amp#27;[2m:&amp#27;[0;39m Adding type registration java.lang.Double -> org.hibernate.type.BasicTypeReference@2fa47368
&amp#27;[2m2025-02-06T22:55:22.394+05:30&amp#27;[0;39m &amp#27;[32mDEBUG&amp#27;[0;39m &amp#27;[35m17040&amp#27;[0;39m &amp#27;[2m---&amp#27;[0;39m &amp#27;[2m[user-management-back-end] [           main]&amp#27;[0;39m &amp#27;[2m&amp#27;[0;39m&amp#27;[36morg.hibernate.type.BasicTypeRegistry    &amp#27;[0;39m &amp#27;[2m:&amp#27;[0;39m Adding type registration big_integer -> org.hibernate.type.BasicTypeReference@35841d6
&amp#27;[2m2025-02-06T22:55:22.394+05:30&amp#27;[0;39m &amp#27;[32mDEBUG&amp#27;[0;39m &amp#27;[35m17040&amp#27;[0;39m &amp#27;[2m---&amp#27;[0;39m &amp#27;[2m[user-management-back-end] [           main]&amp#27;[0;39m &amp#27;[2m&amp#27;[0;39m&amp#27;[36morg.hibernate.type.BasicTypeRegistry    &amp#27;[0;39m &amp#27;[2m:&amp#27;[0;39m Adding type registration java.math.BigInteger -> org.hibernate.type.BasicTypeReference@35841d6
&amp#27;[2m2025-02-06T22:55:22.394+05:30&amp#27;[0;39m &amp#27;[32mDEBUG&amp#27;[0;39m &amp#27;[35m17040&amp#27;[0;39m &amp#27;[2m---&amp#27;[0;39m &amp#27;[2m[user-management-back-end] [           main]&amp#27;[0;39m &amp#27;[2m&amp#27;[0;39m&amp#27;[36morg.hibernate.type.BasicTypeRegistry    &amp#27;[0;39m &amp#27;[2m:&amp#27;[0;39m Adding type registration big_decimal -> org.hibernate.type.BasicTypeReference@5e9ea380
&amp#27;[2m2025-02-06T22:55:22.395+05:30&amp#27;[0;39m &amp#27;[32mDEBUG&amp#27;[0;39m &amp#27;[35m17040&amp#27;[0;39m &amp#27;[2m---&amp#27;[0;39m &amp#27;[2m[user-management-back-end] [           main]&amp#27;[0;39m &amp#27;[2m&amp#27;[0;39m&amp#27;[36morg.hibernate.type.BasicTypeRegistry    &amp#27;[0;39m &amp#27;[2m:&amp#27;[0;39m Adding type registration java.math.BigDecimal -> org.hibernate.type.BasicTypeReference@5e9ea380
&amp#27;[2m2025-02-06T22:55:22.395+05:30&amp#27;[0;39m &amp#27;[32mDEBUG&amp#27;[0;39m &amp#27;[35m17040&amp#27;[0;39m &amp#27;[2m---&amp#27;[0;39m &amp#27;[2m[user-management-back-end] [           main]&amp#27;[0;39m &amp#27;[2m&amp#27;[0;39m&amp#27;[36morg.hibernate.type.BasicTypeRegistry    &amp#27;[0;39m &amp#27;[2m:&amp#27;[0;39m Adding type registration character -> org.hibernate.type.BasicTypeReference@1e50eb3f
&amp#27;[2m2025-02-06T22:55:22.395+05:30&amp#27;[0;39m &amp#27;[32mDEBUG&amp#27;[0;39m &amp#27;[35m17040&amp#27;[0;39m &amp#27;[2m---&amp#27;[0;39m &amp#27;[2m[user-management-back-end] [           main]&amp#27;[0;39m &amp#27;[2m&amp#27;[0;39m&amp#27;[36morg.hibernate.type.BasicTypeRegistry    &amp#27;[0;39m &amp#27;[2m:&amp#27;[0;39m Adding type registration char -> org.hibernate.type.BasicTypeReference@1e50eb3f
&amp#27;[2m2025-02-06T22:55:22.395+05:30&amp#27;[0;39m &amp#27;[32mDEBUG&amp#27;[0;39m &amp#27;[35m17040&amp#27;[0;39m &amp#27;[2m---&amp#27;[0;39m &amp#27;[2m[user-management-back-end] [           main]&amp#27;[0;39m &amp#27;[2m&amp#27;[0;39m&amp#27;[36morg.hibernate.type.BasicTypeRegistry    &amp#27;[0;39m &amp#27;[2m:&amp#27;[0;39m Adding type registration java.lang.Character -> org.hibernate.type.BasicTypeReference@1e50eb3f
&amp#27;[2m2025-02-06T22:55:22.397+05:30&amp#27;[0;39m &amp#27;[32mDEBUG&amp#27;[0;39m &amp#27;[35m17040&amp#27;[0;39m &amp#27;[2m---&amp#27;[0;39m &amp#27;[2m[user-management-back-end] [           main]&amp#27;[0;39m &amp#27;[2m&amp#27;[0;39m&amp#27;[36morg.hibernate.type.BasicTypeRegistry    &amp#27;[0;39m &amp#27;[2m:&amp#27;[0;39m Adding type registration character_nchar -> org.hibernate.type.BasicTypeReference@12e3f4ae
&amp#27;[2m2025-02-06T22:55:22.397+05:30&amp#27;[0;39m &amp#27;[32mDEBUG&amp#27;[0;39m &amp#27;[35m17040&amp#27;[0;39m &amp#27;[2m---&amp#27;[0;39m &amp#27;[2m[user-management-back-end] [           main]&amp#27;[0;39m &amp#27;[2m&amp#27;[0;39m&amp#27;[36morg.hibernate.type.BasicTypeRegistry    &amp#27;[0;39m &amp#27;[2m:&amp#27;[0;39m Adding type registration string -> org.hibernate.type.BasicTypeReference@537451d5
&amp#27;[2m2025-02-06T22:55:22.398+05:30&amp#27;[0;39m &amp#27;[32mDEBUG&amp#27;[0;39m &amp#27;[35m17040&amp#27;[0;39m &amp#27;[2m---&amp#27;[0;39m &amp#27;[2m[user-management-back-end] [           main]&amp#27;[0;39m &amp#27;[2m&amp#27;[0;39m&amp#27;[36morg.hibernate.type.BasicTypeRegistry    &amp#27;[0;39m &amp#27;[2m:&amp#27;[0;39m Adding type registration java.lang.String -> org.hibernate.type.BasicTypeReference@537451d5
&amp#27;[2m2025-02-06T22:55:22.398+05:30&amp#27;[0;39m &amp#27;[32mDEBUG&amp#27;[0;39m &amp#27;[35m17040&amp#27;[0;39m &amp#27;[2m---&amp#27;[0;39m &amp#27;[2m[user-management-back-end] [           main]&amp#27;[0;39m &amp#27;[2m&amp#27;[0;39m&amp#27;[36morg.hibernate.type.BasicTypeRegistry    &amp#27;[0;39m &amp#27;[2m:&amp#27;[0;39m Adding type registration nstring -> org.hibernate.type.BasicTypeReference@785d6a98
&amp#27;[2m2025-02-06T22:55:22.398+05:30&amp#27;[0;39m &amp#27;[32mDEBUG&amp#27;[0;39m &amp#27;[35m17040&amp#27;[0;39m &amp#27;[2m---&amp#27;[0;39m &amp#27;[2m[user-management-back-end] [           main]&amp#27;[0;39m &amp#27;[2m&amp#27;[0;39m&amp#27;[36morg.hibernate.type.BasicTypeRegistry    &amp#27;[0;39m &amp#27;[2m:&amp#27;[0;39m Adding type registration characters -> org.hibernate.type.BasicTypeReference@614d7fbf
&amp#27;[2m2025-02-06T22:55:22.399+05:30&amp#27;[0;39m &amp#27;[32mDEBUG&amp#27;[0;39m &amp#27;[35m17040&amp#27;[0;39m &amp#27;[2m---&amp#27;[0;39m &amp#27;[2m[user-management-back-end] [           main]&amp#27;[0;39m &amp#27;[2m&amp#27;[0;39m&amp#27;[36morg.hibernate.type.BasicTypeRegistry    &amp#27;[0;39m &amp#27;[2m:&amp#27;[0;39m Adding type registration char[] -> org.hibernate.type.BasicTypeReference@614d7fbf
&amp#27;[2m2025-02-06T22:55:22.400+05:30&amp#27;[0;39m &amp#27;[32mDEBUG&amp#27;[0;39m &amp#27;[35m17040&amp#27;[0;39m &amp#27;[2m---&amp#27;[0;39m &amp#27;[2m[user-management-back-end] [           main]&amp#27;[0;39m &amp#27;[2m&amp#27;[0;39m&amp#27;[36morg.hibernate.type.BasicTypeRegistry    &amp#27;[0;39m &amp#27;[2m:&amp#27;[0;39m Adding type registration [C -> org.hibernate.type.BasicTypeReference@614d7fbf
&amp#27;[2m2025-02-06T22:55:22.400+05:30&amp#27;[0;39m &amp#27;[32mDEBUG&amp#27;[0;39m &amp#27;[35m17040&amp#27;[0;39m &amp#27;[2m---&amp#27;[0;39m &amp#27;[2m[user-management-back-end] [           main]&amp#27;[0;39m &amp#27;[2m&amp#27;[0;39m&amp#27;[36morg.hibernate.type.BasicTypeRegistry    &amp#27;[0;39m &amp#27;[2m:&amp#27;[0;39m Adding type registration wrapper-characters -> org.hibernate.type.BasicTypeReference@6c06b1bc
&amp#27;[2m2025-02-06T22:55:22.401+05:30&amp#27;[0;39m &amp#27;[32mDEBUG&amp#27;[0;39m &amp#27;[35m17040&amp#27;[0;39m &amp#27;[2m---&amp#27;[0;39m &amp#27;[2m[user-management-back-end] [           main]&amp#27;[0;39m &amp#27;[2m&amp#27;[0;39m&amp#27;[36morg.hibernate.type.BasicTypeRegistry    &amp#27;[0;39m &amp#27;[2m:&amp#27;[0;39m Adding type registration text -> org.hibernate.type.BasicTypeReference@1d8dbf10
&amp#27;[2m2025-02-06T22:55:22.401+05:30&amp#27;[0;39m &amp#27;[32mDEBUG&amp#27;[0;39m &amp#27;[35m17040&amp#27;[0;39m &amp#27;[2m---&amp#27;[0;39m &amp#27;[2m[user-management-back-end] [           main]&amp#27;[0;39m &amp#27;[2m&amp#27;[0;39m&amp#27;[36morg.hibernate.type.BasicTypeRegistry    &amp#27;[0;39m &amp#27;[2m:&amp#27;[0;39m Adding type registration ntext -> org.hibernate.type.BasicTypeReference@e171f93
&amp#27;[2m2025-02-06T22:55:22.401+05:30&amp#27;[0;39m &amp#27;[32mDEBUG&amp#27;[0;39m &amp#27;[35m17040&amp#27;[0;39m &amp#27;[2m---&amp#27;[0;39m &amp#27;[2m[user-management-back-end] [           main]&amp#27;[0;39m &amp#27;[2m&amp#27;[0;39m&amp#27;[36morg.hibernate.type.BasicTypeRegistry    &amp#27;[0;39m &amp#27;[2m:&amp#27;[0;39m Adding type registration clob -> org.hibernate.type.BasicTypeReference@4ad3969
&amp#27;[2m2025-02-06T22:55:22.402+05:30&amp#27;[0;39m &amp#27;[32mDEBUG&amp#27;[0;39m &amp#27;[35m17040&amp#27;[0;39m &amp#27;[2m---&amp#27;[0;39m &amp#27;[2m[user-management-back-end] [           main]&amp#27;[0;39m &amp#27;[2m&amp#27;[0;39m&amp#27;[36morg.hibernate.type.BasicTypeRegistry    &amp#27;[0;39m &amp#27;[2m:&amp#27;[0;39m Adding type registration java.sql.Clob -> org.hibernate.type.BasicTypeReference@4ad3969
&amp#27;[2m2025-02-06T22:55:22.402+05:30&amp#27;[0;39m &amp#27;[32mDEBUG&amp#27;[0;39m &amp#27;[35m17040&amp#27;[0;39m &amp#27;[2m---&amp#27;[0;39m &amp#27;[2m[user-management-back-end] [           main]&amp#27;[0;39m &amp#27;[2m&amp#27;[0;39m&amp#27;[36morg.hibernate.type.BasicTypeRegistry    &amp#27;[0;39m &amp#27;[2m:&amp#27;[0;39m Adding type registration nclob -> org.hibernate.type.BasicTypeReference@5d7ff311
&amp#27;[2m2025-02-06T22:55:22.402+05:30&amp#27;[0;39m &amp#27;[32mDEBUG&amp#27;[0;39m &amp#27;[35m17040&amp#27;[0;39m &amp#27;[2m---&amp#27;[0;39m &amp#27;[2m[user-management-back-end] [           main]&amp#27;[0;39m &amp#27;[2m&amp#27;[0;39m&amp#27;[36morg.hibernate.type.BasicTypeRegistry    &amp#27;[0;39m &amp#27;[2m:&amp#27;[0;39m Adding type registration java.sql.NClob -> org.hibernate.type.BasicTypeReference@5d7ff311
&amp#27;[2m2025-02-06T22:55:22.402+05:30&amp#27;[0;39m &amp#27;[32mDEBUG&amp#27;[0;39m &amp#27;[35m17040&amp#27;[0;39m &amp#27;[2m---&amp#27;[0;39m &amp#27;[2m[user-management-back-end] [           main]&amp#27;[0;39m &amp#27;[2m&amp#27;[0;39m&amp#27;[36morg.hibernate.type.BasicTypeRegistry    &amp#27;[0;39m &amp#27;[2m:&amp#27;[0;39m Adding type registration materialized_clob -> org.hibernate.type.BasicTypeReference@2d7aa291
&amp#27;[2m2025-02-06T22:55:22.403+05:30&amp#27;[0;39m &amp#27;[32mDEBUG&amp#27;[0;39m &amp#27;[35m17040&amp#27;[0;39m &amp#27;[2m---&amp#27;[0;39m &amp#27;[2m[user-management-back-end] [           main]&amp#27;[0;39m &amp#27;[2m&amp#27;[0;39m&amp#27;[36morg.hibernate.type.BasicTypeRegistry    &amp#27;[0;39m &amp#27;[2m:&amp#27;[0;39m Adding type registration materialized_clob_char_array -> org.hibernate.type.BasicTypeReference@1ba7db2a
&amp#27;[2m2025-02-06T22:55:22.403+05:30&amp#27;[0;39m &amp#27;[32mDEBUG&amp#27;[0;39m &amp#27;[35m17040&amp#27;[0;39m &amp#27;[2m---&amp#27;[0;39m &amp#27;[2m[user-management-back-end] [           main]&amp#27;[0;39m &amp#27;[2m&amp#27;[0;39m&amp#27;[36morg.hibernate.type.BasicTypeRegistry    &amp#27;[0;39m &amp#27;[2m:&amp#27;[0;39m Adding type registration materialized_clob_character_array -> org.hibernate.type.BasicTypeReference@762cdf46
&amp#27;[2m2025-02-06T22:55:22.404+05:30&amp#27;[0;39m &amp#27;[32mDEBUG&amp#27;[0;39m &amp#27;[35m17040&amp#27;[0;39m &amp#27;[2m---&amp#27;[0;39m &amp#27;[2m[user-management-back-end] [           main]&amp#27;[0;39m &amp#27;[2m&amp#27;[0;39m&amp#27;[36morg.hibernate.type.BasicTypeRegistry    &amp#27;[0;39m &amp#27;[2m:&amp#27;[0;39m Adding type registration materialized_nclob -> org.hibernate.type.BasicTypeReference@54e94de9
&amp#27;[2m2025-02-06T22:55:22.404+05:30&amp#27;[0;39m &amp#27;[32mDEBUG&amp#27;[0;39m &amp#27;[35m17040&amp#27;[0;39m &amp#27;[2m---&amp#27;[0;39m &amp#27;[2m[user-management-back-end] [           main]&amp#27;[0;39m &amp#27;[2m&amp#27;[0;39m&amp#27;[36morg.hibernate.type.BasicTypeRegistry    &amp#27;[0;39m &amp#27;[2m:&amp#27;[0;39m Adding type registration materialized_nclob_character_array -> org.hibernate.type.BasicTypeReference@2cff03cf
&amp#27;[2m2025-02-06T22:55:22.404+05:30&amp#27;[0;39m &amp#27;[32mDEBUG&amp#27;[0;39m &amp#27;[35m17040&amp#27;[0;39m &amp#27;[2m---&amp#27;[0;39m &amp#27;[2m[user-management-back-end] [           main]&amp#27;[0;39m &amp#27;[2m&amp#27;[0;39m&amp#27;[36morg.hibernate.type.BasicTypeRegistry    &amp#27;[0;39m &amp#27;[2m:&amp#27;[0;39m Adding type registration materialized_nclob_char_array -> org.hibernate.type.BasicTypeReference@924f3f1
&amp#27;[2m2025-02-06T22:55:22.404+05:30&amp#27;[0;39m &amp#27;[32mDEBUG&amp#27;[0;39m &amp#27;[35m17040&amp#27;[0;39m &amp#27;[2m---&amp#27;[0;39m &amp#27;[2m[user-management-back-end] [           main]&amp#27;[0;39m &amp#27;[2m&amp#27;[0;39m&amp#27;[36morg.hibernate.type.BasicTypeRegistry    &amp#27;[0;39m &amp#27;[2m:&amp#27;[0;39m Adding type registration Duration -> org.hibernate.type.BasicTypeReference@19e2db7c
&amp#27;[2m2025-02-06T22:55:22.404+05:30&amp#27;[0;39m &amp#27;[32mDEBUG&amp#27;[0;39m &amp#27;[35m17040&amp#27;[0;39m &amp#27;[2m---&amp#27;[0;39m &amp#27;[2m[user-management-back-end] [           main]&amp#27;[0;39m &amp#27;[2m&amp#27;[0;39m&amp#27;[36morg.hibernate.type.BasicTypeRegistry    &amp#27;[0;39m &amp#27;[2m:&amp#27;[0;39m Adding type registration java.time.Duration -> org.hibernate.type.BasicTypeReference@19e2db7c
&amp#27;[2m2025-02-06T22:55:22.404+05:30&amp#27;[0;39m &amp#27;[32mDEBUG&amp#27;[0;39m &amp#27;[35m17040&amp#27;[0;39m &amp#27;[2m---&amp#27;[0;39m &amp#27;[2m[user-management-back-end] [           main]&amp#27;[0;39m &amp#27;[2m&amp#27;[0;39m&amp#27;[36morg.hibernate.type.BasicTypeRegistry    &amp#27;[0;39m &amp#27;[2m:&amp#27;[0;39m Adding type registration LocalDateTime -> org.hibernate.type.BasicTypeReference@77a4bac
&amp#27;[2m2025-02-06T22:55:22.406+05:30&amp#27;[0;39m &amp#27;[32mDEBUG&amp#27;[0;39m &amp#27;[35m17040&amp#27;[0;39m &amp#27;[2m---&amp#27;[0;39m &amp#27;[2m[user-management-back-end] [           main]&amp#27;[0;39m &amp#27;[2m&amp#27;[0;39m&amp#27;[36morg.hibernate.type.BasicTypeRegistry    &amp#27;[0;39m &amp#27;[2m:&amp#27;[0;39m Adding type registration java.time.LocalDateTime -> org.hibernate.type.BasicTypeReference@77a4bac
&amp#27;[2m2025-02-06T22:55:22.406+05:30&amp#27;[0;39m &amp#27;[32mDEBUG&amp#27;[0;39m &amp#27;[35m17040&amp#27;[0;39m &amp#27;[2m---&amp#27;[0;39m &amp#27;[2m[user-management-back-end] [           main]&amp#27;[0;39m &amp#27;[2m&amp#27;[0;39m&amp#27;[36morg.hibernate.type.BasicTypeRegistry    &amp#27;[0;39m &amp#27;[2m:&amp#27;[0;39m Adding type registration LocalDate -> org.hibernate.type.BasicTypeReference@534fc1f7
&amp#27;[2m2025-02-06T22:55:22.406+05:30&amp#27;[0;39m &amp#27;[32mDEBUG&amp#27;[0;39m &amp#27;[35m17040&amp#27;[0;39m &amp#27;[2m---&amp#27;[0;39m &amp#27;[2m[user-management-back-end] [           main]&amp#27;[0;39m &amp#27;[2m&amp#27;[0;39m&amp#27;[36morg.hibernate.type.BasicTypeRegistry    &amp#27;[0;39m &amp#27;[2m:&amp#27;[0;39m Adding type registration java.time.LocalDate -> org.hibernate.type.BasicTypeReference@534fc1f7
&amp#27;[2m2025-02-06T22:55:22.407+05:30&amp#27;[0;39m &amp#27;[32mDEBUG&amp#27;[0;39m &amp#27;[35m17040&amp#27;[0;39m &amp#27;[2m---&amp#27;[0;39m &amp#27;[2m[user-management-back-end] [           main]&amp#27;[0;39m &amp#27;[2m&amp#27;[0;39m&amp#27;[36morg.hibernate.type.BasicTypeRegistry    &amp#27;[0;39m &amp#27;[2m:&amp#27;[0;39m Adding type registration LocalTime -> org.hibernate.type.BasicTypeReference@7d5a0b14
&amp#27;[2m2025-02-06T22:55:22.407+05:30&amp#27;[0;39m &amp#27;[32mDEBUG&amp#27;[0;39m &amp#27;[35m17040&amp#27;[0;39m &amp#27;[2m---&amp#27;[0;39m &amp#27;[2m[user-management-back-end] [           main]&amp#27;[0;39m &amp#27;[2m&amp#27;[0;39m&amp#27;[36morg.hibernate.type.BasicTypeRegistry    &amp#27;[0;39m &amp#27;[2m:&amp#27;[0;39m Adding type registration java.time.LocalTime -> org.hibernate.type.BasicTypeReference@7d5a0b14
&amp#27;[2m2025-02-06T22:55:22.407+05:30&amp#27;[0;39m &amp#27;[32mDEBUG&amp#27;[0;39m &amp#27;[35m17040&amp#27;[0;39m &amp#27;[2m---&amp#27;[0;39m &amp#27;[2m[user-management-back-end] [           main]&amp#27;[0;39m &amp#27;[2m&amp#27;[0;39m&amp#27;[36morg.hibernate.type.BasicTypeRegistry    &amp#27;[0;39m &amp#27;[2m:&amp#27;[0;39m Adding type registration OffsetDateTime -> org.hibernate.type.BasicTypeReference@72ec16f8
&amp#27;[2m2025-02-06T22:55:22.407+05:30&amp#27;[0;39m &amp#27;[32mDEBUG&amp#27;[0;39m &amp#27;[35m17040&amp#27;[0;39m &amp#27;[2m---&amp#27;[0;39m &amp#27;[2m[user-management-back-end] [           main]&amp#27;[0;39m &amp#27;[2m&amp#27;[0;39m&amp#27;[36morg.hibernate.type.BasicTypeRegistry    &amp#27;[0;39m &amp#27;[2m:&amp#27;[0;39m Adding type registration java.time.OffsetDateTime -> org.hibernate.type.BasicTypeReference@72ec16f8
&amp#27;[2m2025-02-06T22:55:22.407+05:30&amp#27;[0;39m &amp#27;[32mDEBUG&amp#27;[0;39m &amp#27;[35m17040&amp#27;[0;39m &amp#27;[2m---&amp#27;[0;39m &amp#27;[2m[user-management-back-end] [           main]&amp#27;[0;39m &amp#27;[2m&amp#27;[0;39m&amp#27;[36morg.hibernate.type.BasicTypeRegistry    &amp#27;[0;39m &amp#27;[2m:&amp#27;[0;39m Adding type registration OffsetDateTimeWithTimezone -> org.hibernate.type.BasicTypeReference@279e1422
&amp#27;[2m2025-02-06T22:55:22.408+05:30&amp#27;[0;39m &amp#27;[32mDEBUG&amp#27;[0;39m &amp#27;[35m17040&amp#27;[0;39m &amp#27;[2m---&amp#27;[0;39m &amp#27;[2m[user-management-back-end] [           main]&amp#27;[0;39m &amp#27;[2m&amp#27;[0;39m&amp#27;[36morg.hibernate.type.BasicTypeRegistry    &amp#27;[0;39m &amp#27;[2m:&amp#27;[0;39m Adding type registration OffsetDateTimeWithoutTimezone -> org.hibernate.type.BasicTypeReference@af3295f
&amp#27;[2m2025-02-06T22:55:22.408+05:30&amp#27;[0;39m &amp#27;[32mDEBUG&amp#27;[0;39m &amp#27;[35m17040&amp#27;[0;39m &amp#27;[2m---&amp#27;[0;39m &amp#27;[2m[user-management-back-end] [           main]&amp#27;[0;39m &amp#27;[2m&amp#27;[0;39m&amp#27;[36morg.hibernate.type.BasicTypeRegistry    &amp#27;[0;39m &amp#27;[2m:&amp#27;[0;39m Adding type registration OffsetTime -> org.hibernate.type.BasicTypeReference@27dc81be
&amp#27;[2m2025-02-06T22:55:22.408+05:30&amp#27;[0;39m &amp#27;[32mDEBUG&amp#27;[0;39m &amp#27;[35m17040&amp#27;[0;39m &amp#27;[2m---&amp#27;[0;39m &amp#27;[2m[user-management-back-end] [           main]&amp#27;[0;39m &amp#27;[2m&amp#27;[0;39m&amp#27;[36morg.hibernate.type.BasicTypeRegistry    &amp#27;[0;39m &amp#27;[2m:&amp#27;[0;39m Adding type registration java.time.OffsetTime -> org.hibernate.type.BasicTypeReference@27dc81be
&amp#27;[2m2025-02-06T22:55:22.409+05:30&amp#27;[0;39m &amp#27;[32mDEBUG&amp#27;[0;39m &amp#27;[35m17040&amp#27;[0;39m &amp#27;[2m---&amp#27;[0;39m &amp#27;[2m[user-management-back-end] [           main]&amp#27;[0;39m &amp#27;[2m&amp#27;[0;39m&amp#27;[36morg.hibernate.type.BasicTypeRegistry    &amp#27;[0;39m &amp#27;[2m:&amp#27;[0;39m Adding type registration OffsetTimeUtc -> org.hibernate.type.BasicTypeReference@3595086b
&amp#27;[2m2025-02-06T22:55:22.409+05:30&amp#27;[0;39m &amp#27;[32mDEBUG&amp#27;[0;39m &amp#27;[35m17040&amp#27;[0;39m &amp#27;[2m---&amp#27;[0;39m &amp#27;[2m[user-management-back-end] [           main]&amp#27;[0;39m &amp#27;[2m&amp#27;[0;39m&amp#27;[36morg.hibernate.type.BasicTypeRegistry    &amp#27;[0;39m &amp#27;[2m:&amp#27;[0;39m Adding type registration OffsetTimeWithTimezone -> org.hibernate.type.BasicTypeReference@627d35ff
&amp#27;[2m2025-02-06T22:55:22.409+05:30&amp#27;[0;39m &amp#27;[32mDEBUG&amp#27;[0;39m &amp#27;[35m17040&amp#27;[0;39m &amp#27;[2m---&amp#27;[0;39m &amp#27;[2m[user-management-back-end] [           main]&amp#27;[0;39m &amp#27;[2m&amp#27;[0;39m&amp#27;[36morg.hibernate.type.BasicTypeRegistry    &amp#27;[0;39m &amp#27;[2m:&amp#27;[0;39m Adding type registration OffsetTimeWithoutTimezone -> org.hibernate.type.BasicTypeReference@7157413e
&amp#27;[2m2025-02-06T22:55:22.409+05:30&amp#27;[0;39m &amp#27;[32mDEBUG&amp#27;[0;39m &amp#27;[35m17040&amp#27;[0;39m &amp#27;[2m---&amp#27;[0;39m &amp#27;[2m[user-management-back-end] [           main]&amp#27;[0;39m &amp#27;[2m&amp#27;[0;39m&amp#27;[36morg.hibernate.type.BasicTypeRegistry    &amp#27;[0;39m &amp#27;[2m:&amp#27;[0;39m Adding type registration ZonedDateTime -> org.hibernate.type.BasicTypeReference@3245efdb
&amp#27;[2m2025-02-06T22:55:22.410+05:30&amp#27;[0;39m &amp#27;[32mDEBUG&amp#27;[0;39m &amp#27;[35m17040&amp#27;[0;39m &amp#27;[2m---&amp#27;[0;39m &amp#27;[2m[user-management-back-end] [           main]&amp#27;[0;39m &amp#27;[2m&amp#27;[0;39m&amp#27;[36morg.hibernate.type.BasicTypeRegistry    &amp#27;[0;39m &amp#27;[2m:&amp#27;[0;39m Adding type registration java.time.ZonedDateTime -> org.hibernate.type.BasicTypeReference@3245efdb
&amp#27;[2m2025-02-06T22:55:22.410+05:30&amp#27;[0;39m &amp#27;[32mDEBUG&amp#27;[0;39m &amp#27;[35m17040&amp#27;[0;39m &amp#27;[2m---&amp#27;[0;39m &amp#27;[2m[user-management-back-end] [           main]&amp#27;[0;39m &amp#27;[2m&amp#27;[0;39m&amp#27;[36morg.hibernate.type.BasicTypeRegistry    &amp#27;[0;39m &amp#27;[2m:&amp#27;[0;39m Adding type registration ZonedDateTimeWithTimezone -> org.hibernate.type.BasicTypeReference@2f0e7fa8
&amp#27;[2m2025-02-06T22:55:22.410+05:30&amp#27;[0;39m &amp#27;[32mDEBUG&amp#27;[0;39m &amp#27;[35m17040&amp#27;[0;39m &amp#27;[2m---&amp#27;[0;39m &amp#27;[2m[user-management-back-end] [           main]&amp#27;[0;39m &amp#27;[2m&amp#27;[0;39m&amp#27;[36morg.hibernate.type.BasicTypeRegistry    &amp#27;[0;39m &amp#27;[2m:&amp#27;[0;39m Adding type registration ZonedDateTimeWithoutTimezone -> org.hibernate.type.BasicTypeReference@24d7657b
&amp#27;[2m2025-02-06T22:55:22.410+05:30&amp#27;[0;39m &amp#27;[32mDEBUG&amp#27;[0;39m &amp#27;[35m17040&amp#27;[0;39m &amp#27;[2m---&amp#27;[0;39m &amp#27;[2m[user-management-back-end] [           main]&amp#27;[0;39m &amp#27;[2m&amp#27;[0;39m&amp#27;[36morg.hibernate.type.BasicTypeRegistry    &amp#27;[0;39m &amp#27;[2m:&amp#27;[0;39m Adding type registration date -> org.hibernate.type.BasicTypeReference@6f428e6e
&amp#27;[2m2025-02-06T22:55:22.410+05:30&amp#27;[0;39m &amp#27;[32mDEBUG&amp#27;[0;39m &amp#27;[35m17040&amp#27;[0;39m &amp#27;[2m---&amp#27;[0;39m &amp#27;[2m[user-management-back-end] [           main]&amp#27;[0;39m &amp#27;[2m&amp#27;[0;39m&amp#27;[36morg.hibernate.type.BasicTypeRegistry    &amp#27;[0;39m &amp#27;[2m:&amp#27;[0;39m Adding type registration java.sql.Date -> org.hibernate.type.BasicTypeReference@6f428e6e
&amp#27;[2m2025-02-06T22:55:22.410+05:30&amp#27;[0;39m &amp#27;[32mDEBUG&amp#27;[0;39m &amp#27;[35m17040&amp#27;[0;39m &amp#27;[2m---&amp#27;[0;39m &amp#27;[2m[user-management-back-end] [           main]&amp#27;[0;39m &amp#27;[2m&amp#27;[0;39m&amp#27;[36morg.hibernate.type.BasicTypeRegistry    &amp#27;[0;39m &amp#27;[2m:&amp#27;[0;39m Adding type registration time -> org.hibernate.type.BasicTypeReference@72e49f6a
&amp#27;[2m2025-02-06T22:55:22.410+05:30&amp#27;[0;39m &amp#27;[32mDEBUG&amp#27;[0;39m &amp#27;[35m17040&amp#27;[0;39m &amp#27;[2m---&amp#27;[0;39m &amp#27;[2m[user-management-back-end] [           main]&amp#27;[0;39m &amp#27;[2m&amp#27;[0;39m&amp#27;[36morg.hibernate.type.BasicTypeRegistry    &amp#27;[0;39m &amp#27;[2m:&amp#27;[0;39m Adding type registration java.sql.Time -> org.hibernate.type.BasicTypeReference@72e49f6a
&amp#27;[2m2025-02-06T22:55:22.410+05:30&amp#27;[0;39m &amp#27;[32mDEBUG&amp#27;[0;39m &amp#27;[35m17040&amp#27;[0;39m &amp#27;[2m---&amp#27;[0;39m &amp#27;[2m[user-management-back-end] [           main]&amp#27;[0;39m &amp#27;[2m&amp#27;[0;39m&amp#27;[36morg.hibernate.type.BasicTypeRegistry    &amp#27;[0;39m &amp#27;[2m:&amp#27;[0;39m Adding type registration timestamp -> org.hibernate.type.BasicTypeReference@2e4b5da1
&amp#27;[2m2025-02-06T22:55:22.412+05:30&amp#27;[0;39m &amp#27;[32mDEBUG&amp#27;[0;39m &amp#27;[35m17040&amp#27;[0;39m &amp#27;[2m---&amp#27;[0;39m &amp#27;[2m[user-management-back-end] [           main]&amp#27;[0;39m &amp#27;[2m&amp#27;[0;39m&amp#27;[36morg.hibernate.type.BasicTypeRegistry    &amp#27;[0;39m &amp#27;[2m:&amp#27;[0;39m Adding type registration java.sql.Timestamp -> org.hibernate.type.BasicTypeReference@2e4b5da1
&amp#27;[2m2025-02-06T22:55:22.412+05:30&amp#27;[0;39m &amp#27;[32mDEBUG&amp#27;[0;39m &amp#27;[35m17040&amp#27;[0;39m &amp#27;[2m---&amp#27;[0;39m &amp#27;[2m[user-management-back-end] [           main]&amp#27;[0;39m &amp#27;[2m&amp#27;[0;39m&amp#27;[36morg.hibernate.type.BasicTypeRegistry    &amp#27;[0;39m &amp#27;[2m:&amp#27;[0;39m Adding type registration java.util.Date -> org.hibernate.type.BasicTypeReference@2e4b5da1
&amp#27;[2m2025-02-06T22:55:22.412+05:30&amp#27;[0;39m &amp#27;[32mDEBUG&amp#27;[0;39m &amp#27;[35m17040&amp#27;[0;39m &amp#27;[2m---&amp#27;[0;39m &amp#27;[2m[user-management-back-end] [           main]&amp#27;[0;39m &amp#27;[2m&amp#27;[0;39m&amp#27;[36morg.hibernate.type.BasicTypeRegistry    &amp#27;[0;39m &amp#27;[2m:&amp#27;[0;39m Adding type registration calendar -> org.hibernate.type.BasicTypeReference@312819ae
&amp#27;[2m2025-02-06T22:55:22.413+05:30&amp#27;[0;39m &amp#27;[32mDEBUG&amp#27;[0;39m &amp#27;[35m17040&amp#27;[0;39m &amp#27;[2m---&amp#27;[0;39m &amp#27;[2m[user-management-back-end] [           main]&amp#27;[0;39m &amp#27;[2m&amp#27;[0;39m&amp#27;[36morg.hibernate.type.BasicTypeRegistry    &amp#27;[0;39m &amp#27;[2m:&amp#27;[0;39m Adding type registration java.util.Calendar -> org.hibernate.type.BasicTypeReference@312819ae
&amp#27;[2m2025-02-06T22:55:22.413+05:30&amp#27;[0;39m &amp#27;[32mDEBUG&amp#27;[0;39m &amp#27;[35m17040&amp#27;[0;39m &amp#27;[2m---&amp#27;[0;39m &amp#27;[2m[user-management-back-end] [           main]&amp#27;[0;39m &amp#27;[2m&amp#27;[0;39m&amp#27;[36morg.hibernate.type.BasicTypeRegistry    &amp#27;[0;39m &amp#27;[2m:&amp#27;[0;39m Adding type registration java.util.GregorianCalendar -> org.hibernate.type.BasicTypeReference@312819ae
&amp#27;[2m2025-02-06T22:55:22.413+05:30&amp#27;[0;39m &amp#27;[32mDEBUG&amp#27;[0;39m &amp#27;[35m17040&amp#27;[0;39m &amp#27;[2m---&amp#27;[0;39m &amp#27;[2m[user-management-back-end] [           main]&amp#27;[0;39m &amp#27;[2m&amp#27;[0;39m&amp#27;[36morg.hibernate.type.BasicTypeRegistry    &amp#27;[0;39m &amp#27;[2m:&amp#27;[0;39m Adding type registration calendar_date -> org.hibernate.type.BasicTypeReference@4ae2c01b
&amp#27;[2m2025-02-06T22:55:22.413+05:30&amp#27;[0;39m &amp#27;[32mDEBUG&amp#27;[0;39m &amp#27;[35m17040&amp#27;[0;39m &amp#27;[2m---&amp#27;[0;39m &amp#27;[2m[user-management-back-end] [           main]&amp#27;[0;39m &amp#27;[2m&amp#27;[0;39m&amp#27;[36morg.hibernate.type.BasicTypeRegistry    &amp#27;[0;39m &amp#27;[2m:&amp#27;[0;39m Adding type registration calendar_time -> org.hibernate.type.BasicTypeReference@1cab19e2
&amp#27;[2m2025-02-06T22:55:22.413+05:30&amp#27;[0;39m &amp#27;[32mDEBUG&amp#27;[0;39m &amp#27;[35m17040&amp#27;[0;39m &amp#27;[2m---&amp#27;[0;39m &amp#27;[2m[user-management-back-end] [           main]&amp#27;[0;39m &amp#27;[2m&amp#27;[0;39m&amp#27;[36morg.hibernate.type.BasicTypeRegistry    &amp#27;[0;39m &amp#27;[2m:&amp#27;[0;39m Adding type registration instant -> org.hibernate.type.BasicTypeReference@6879e983
&amp#27;[2m2025-02-06T22:55:22.413+05:30&amp#27;[0;39m &amp#27;[32mDEBUG&amp#27;[0;39m &amp#27;[35m17040&amp#27;[0;39m &amp#27;[2m---&amp#27;[0;39m &amp#27;[2m[user-management-back-end] [           main]&amp#27;[0;39m &amp#27;[2m&amp#27;[0;39m&amp#27;[36morg.hibernate.type.BasicTypeRegistry    &amp#27;[0;39m &amp#27;[2m:&amp#27;[0;39m Adding type registration java.time.Instant -> org.hibernate.type.BasicTypeReference@6879e983
&amp#27;[2m2025-02-06T22:55:22.414+05:30&amp#27;[0;39m &amp#27;[32mDEBUG&amp#27;[0;39m &amp#27;[35m17040&amp#27;[0;39m &amp#27;[2m---&amp#27;[0;39m &amp#27;[2m[user-management-back-end] [           main]&amp#27;[0;39m &amp#27;[2m&amp#27;[0;39m&amp#27;[36morg.hibernate.type.BasicTypeRegistry    &amp#27;[0;39m &amp#27;[2m:&amp#27;[0;39m Adding type registration uuid -> org.hibernate.type.BasicTypeReference@196d684b
&amp#27;[2m2025-02-06T22:55:22.414+05:30&amp#27;[0;39m &amp#27;[32mDEBUG&amp#27;[0;39m &amp#27;[35m17040&amp#27;[0;39m &amp#27;[2m---&amp#27;[0;39m &amp#27;[2m[user-management-back-end] [           main]&amp#27;[0;39m &amp#27;[2m&amp#27;[0;39m&amp#27;[36morg.hibernate.type.BasicTypeRegistry    &amp#27;[0;39m &amp#27;[2m:&amp#27;[0;39m Adding type registration java.util.UUID -> org.hibernate.type.BasicTypeReference@196d684b
&amp#27;[2m2025-02-06T22:55:22.414+05:30&amp#27;[0;39m &amp#27;[32mDEBUG&amp#27;[0;39m &amp#27;[35m17040&amp#27;[0;39m &amp#27;[2m---&amp#27;[0;39m &amp#27;[2m[user-management-back-end] [           main]&amp#27;[0;39m &amp#27;[2m&amp#27;[0;39m&amp#27;[36morg.hibernate.type.BasicTypeRegistry    &amp#27;[0;39m &amp#27;[2m:&amp#27;[0;39m Adding type registration pg-uuid -> org.hibernate.type.BasicTypeReference@196d684b
&amp#27;[2m2025-02-06T22:55:22.414+05:30&amp#27;[0;39m &amp#27;[32mDEBUG&amp#27;[0;39m &amp#27;[35m17040&amp#27;[0;39m &amp#27;[2m---&amp#27;[0;39m &amp#27;[2m[user-management-back-end] [           main]&amp#27;[0;39m &amp#27;[2m&amp#27;[0;39m&amp#27;[36morg.hibernate.type.BasicTypeRegistry    &amp#27;[0;39m &amp#27;[2m:&amp#27;[0;39m Adding type registration uuid-binary -> org.hibernate.type.BasicTypeReference@45d38165
&amp#27;[2m2025-02-06T22:55:22.414+05:30&amp#27;[0;39m &amp#27;[32mDEBUG&amp#27;[0;39m &amp#27;[35m17040&amp#27;[0;39m &amp#27;[2m---&amp#27;[0;39m &amp#27;[2m[user-management-back-end] [           main]&amp#27;[0;39m &amp#27;[2m&amp#27;[0;39m&amp#27;[36morg.hibernate.type.BasicTypeRegistry    &amp#27;[0;39m &amp#27;[2m:&amp#27;[0;39m Adding type registration uuid-char -> org.hibernate.type.BasicTypeReference@1f3f434
&amp#27;[2m2025-02-06T22:55:22.415+05:30&amp#27;[0;39m &amp#27;[32mDEBUG&amp#27;[0;39m &amp#27;[35m17040&amp#27;[0;39m &amp#27;[2m---&amp#27;[0;39m &amp#27;[2m[user-management-back-end] [           main]&amp#27;[0;39m &amp#27;[2m&amp#27;[0;39m&amp#27;[36morg.hibernate.type.BasicTypeRegistry    &amp#27;[0;39m &amp#27;[2m:&amp#27;[0;39m Adding type registration class -> org.hibernate.type.BasicTypeReference@26612078
&amp#27;[2m2025-02-06T22:55:22.415+05:30&amp#27;[0;39m &amp#27;[32mDEBUG&amp#27;[0;39m &amp#27;[35m17040&amp#27;[0;39m &amp#27;[2m---&amp#27;[0;39m &amp#27;[2m[user-management-back-end] [           main]&amp#27;[0;39m &amp#27;[2m&amp#27;[0;39m&amp#27;[36morg.hibernate.type.BasicTypeRegistry    &amp#27;[0;39m &amp#27;[2m:&amp#27;[0;39m Adding type registration java.lang.Class -> org.hibernate.type.BasicTypeReference@26612078
&amp#27;[2m2025-02-06T22:55:22.415+05:30&amp#27;[0;39m &amp#27;[32mDEBUG&amp#27;[0;39m &amp#27;[35m17040&amp#27;[0;39m &amp#27;[2m---&amp#27;[0;39m &amp#27;[2m[user-management-back-end] [           main]&amp#27;[0;39m &amp#27;[2m&amp#27;[0;39m&amp#27;[36morg.hibernate.type.BasicTypeRegistry    &amp#27;[0;39m &amp#27;[2m:&amp#27;[0;39m Adding type registration currency -> org.hibernate.type.BasicTypeReference@54bc3bcf
&amp#27;[2m2025-02-06T22:55:22.415+05:30&amp#27;[0;39m &amp#27;[32mDEBUG&amp#27;[0;39m &amp#27;[35m17040&amp#27;[0;39m &amp#27;[2m---&amp#27;[0;39m &amp#27;[2m[user-management-back-end] [           main]&amp#27;[0;39m &amp#27;[2m&amp#27;[0;39m&amp#27;[36morg.hibernate.type.BasicTypeRegistry    &amp#27;[0;39m &amp#27;[2m:&amp#27;[0;39m Adding type registration Currency -> org.hibernate.type.BasicTypeReference@54bc3bcf
&amp#27;[2m2025-02-06T22:55:22.415+05:30&amp#27;[0;39m &amp#27;[32mDEBUG&amp#27;[0;39m &amp#27;[35m17040&amp#27;[0;39m &amp#27;[2m---&amp#27;[0;39m &amp#27;[2m[user-management-back-end] [           main]&amp#27;[0;39m &amp#27;[2m&amp#27;[0;39m&amp#27;[36morg.hibernate.type.BasicTypeRegistry    &amp#27;[0;39m &amp#27;[2m:&amp#27;[0;39m Adding type registration java.util.Currency -> org.hibernate.type.BasicTypeReference@54bc3bcf
&amp#27;[2m2025-02-06T22:55:22.416+05:30&amp#27;[0;39m &amp#27;[32mDEBUG&amp#27;[0;39m &amp#27;[35m17040&amp#27;[0;39m &amp#27;[2m---&amp#27;[0;39m &amp#27;[2m[user-management-back-end] [           main]&amp#27;[0;39m &amp#27;[2m&amp#27;[0;39m&amp#27;[36morg.hibernate.type.BasicTypeRegistry    &amp#27;[0;39m &amp#27;[2m:&amp#27;[0;39m Adding type registration locale -> org.hibernate.type.BasicTypeReference@d3d5094
&amp#27;[2m2025-02-06T22:55:22.416+05:30&amp#27;[0;39m &amp#27;[32mDEBUG&amp#27;[0;39m &amp#27;[35m17040&amp#27;[0;39m &amp#27;[2m---&amp#27;[0;39m &amp#27;[2m[user-management-back-end] [           main]&amp#27;[0;39m &amp#27;[2m&amp#27;[0;39m&amp#27;[36morg.hibernate.type.BasicTypeRegistry    &amp#27;[0;39m &amp#27;[2m:&amp#27;[0;39m Adding type registration java.util.Locale -> org.hibernate.type.BasicTypeReference@d3d5094
&amp#27;[2m2025-02-06T22:55:22.416+05:30&amp#27;[0;39m &amp#27;[32mDEBUG&amp#27;[0;39m &amp#27;[35m17040&amp#27;[0;39m &amp#27;[2m---&amp#27;[0;39m &amp#27;[2m[user-management-back-end] [           main]&amp#27;[0;39m &amp#27;[2m&amp#27;[0;39m&amp#27;[36morg.hibernate.type.BasicTypeRegistry    &amp#27;[0;39m &amp#27;[2m:&amp#27;[0;39m Adding type registration serializable -> org.hibernate.type.BasicTypeReference@13714753
&amp#27;[2m2025-02-06T22:55:22.417+05:30&amp#27;[0;39m &amp#27;[32mDEBUG&amp#27;[0;39m &amp#27;[35m17040&amp#27;[0;39m &amp#27;[2m---&amp#27;[0;39m &amp#27;[2m[user-management-back-end] [           main]&amp#27;[0;39m &amp#27;[2m&amp#27;[0;39m&amp#27;[36morg.hibernate.type.BasicTypeRegistry    &amp#27;[0;39m &amp#27;[2m:&amp#27;[0;39m Adding type registration java.io.Serializable -> org.hibernate.type.BasicTypeReference@13714753
&amp#27;[2m2025-02-06T22:55:22.417+05:30&amp#27;[0;39m &amp#27;[32mDEBUG&amp#27;[0;39m &amp#27;[35m17040&amp#27;[0;39m &amp#27;[2m---&amp#27;[0;39m &amp#27;[2m[user-management-back-end] [           main]&amp#27;[0;39m &amp#27;[2m&amp#27;[0;39m&amp#27;[36morg.hibernate.type.BasicTypeRegistry    &amp#27;[0;39m &amp#27;[2m:&amp#27;[0;39m Adding type registration timezone -> org.hibernate.type.BasicTypeReference@3c3cd7a5
&amp#27;[2m2025-02-06T22:55:22.417+05:30&amp#27;[0;39m &amp#27;[32mDEBUG&amp#27;[0;39m &amp#27;[35m17040&amp#27;[0;39m &amp#27;[2m---&amp#27;[0;39m &amp#27;[2m[user-management-back-end] [           main]&amp#27;[0;39m &amp#27;[2m&amp#27;[0;39m&amp#27;[36morg.hibernate.type.BasicTypeRegistry    &amp#27;[0;39m &amp#27;[2m:&amp#27;[0;39m Adding type registration java.util.TimeZone -> org.hibernate.type.BasicTypeReference@3c3cd7a5
&amp#27;[2m2025-02-06T22:55:22.417+05:30&amp#27;[0;39m &amp#27;[32mDEBUG&amp#27;[0;39m &amp#27;[35m17040&amp#27;[0;39m &amp#27;[2m---&amp#27;[0;39m &amp#27;[2m[user-management-back-end] [           main]&amp#27;[0;39m &amp#27;[2m&amp#27;[0;39m&amp#27;[36morg.hibernate.type.BasicTypeRegistry    &amp#27;[0;39m &amp#27;[2m:&amp#27;[0;39m Adding type registration ZoneOffset -> org.hibernate.type.BasicTypeReference@96be1ae
&amp#27;[2m2025-02-06T22:55:22.417+05:30&amp#27;[0;39m &amp#27;[32mDEBUG&amp#27;[0;39m &amp#27;[35m17040&amp#27;[0;39m &amp#27;[2m---&amp#27;[0;39m &amp#27;[2m[user-management-back-end] [           main]&amp#27;[0;39m &amp#27;[2m&amp#27;[0;39m&amp#27;[36morg.hibernate.type.BasicTypeRegistry    &amp#27;[0;39m &amp#27;[2m:&amp#27;[0;39m Adding type registration java.time.ZoneOffset -> org.hibernate.type.BasicTypeReference@96be1ae
&amp#27;[2m2025-02-06T22:55:22.418+05:30&amp#27;[0;39m &amp#27;[32mDEBUG&amp#27;[0;39m &amp#27;[35m17040&amp#27;[0;39m &amp#27;[2m---&amp#27;[0;39m &amp#27;[2m[user-management-back-end] [           main]&amp#27;[0;39m &amp#27;[2m&amp#27;[0;39m&amp#27;[36morg.hibernate.type.BasicTypeRegistry    &amp#27;[0;39m &amp#27;[2m:&amp#27;[0;39m Adding type registration url -> org.hibernate.type.BasicTypeReference@6eb5b9e7
&amp#27;[2m2025-02-06T22:55:22.418+05:30&amp#27;[0;39m &amp#27;[32mDEBUG&amp#27;[0;39m &amp#27;[35m17040&amp#27;[0;39m &amp#27;[2m---&amp#27;[0;39m &amp#27;[2m[user-management-back-end] [           main]&amp#27;[0;39m &amp#27;[2m&amp#27;[0;39m&amp#27;[36morg.hibernate.type.BasicTypeRegistry    &amp#27;[0;39m &amp#27;[2m:&amp#27;[0;39m Adding type registration java.net.URL -> org.hibernate.type.BasicTypeReference@6eb5b9e7
&amp#27;[2m2025-02-06T22:55:22.418+05:30&amp#27;[0;39m &amp#27;[32mDEBUG&amp#27;[0;39m &amp#27;[35m17040&amp#27;[0;39m &amp#27;[2m---&amp#27;[0;39m &amp#27;[2m[user-management-back-end] [           main]&amp#27;[0;39m &amp#27;[2m&amp#27;[0;39m&amp#27;[36morg.hibernate.type.BasicTypeRegistry    &amp#27;[0;39m &amp#27;[2m:&amp#27;[0;39m Adding type registration vector -> org.hibernate.type.BasicTypeReference@77e730bd
&amp#27;[2m2025-02-06T22:55:22.418+05:30&amp#27;[0;39m &amp#27;[32mDEBUG&amp#27;[0;39m &amp#27;[35m17040&amp#27;[0;39m &amp#27;[2m---&amp#27;[0;39m &amp#27;[2m[user-management-back-end] [           main]&amp#27;[0;39m &amp#27;[2m&amp#27;[0;39m&amp#27;[36morg.hibernate.type.BasicTypeRegistry    &amp#27;[0;39m &amp#27;[2m:&amp#27;[0;39m Adding type registration row_version -> org.hibernate.type.BasicTypeReference@2d3c501b
&amp#27;[2m2025-02-06T22:55:22.432+05:30&amp#27;[0;39m &amp#27;[32mDEBUG&amp#27;[0;39m &amp#27;[35m17040&amp#27;[0;39m &amp#27;[2m---&amp#27;[0;39m &amp#27;[2m[user-management-back-end] [           main]&amp#27;[0;39m &amp#27;[2m&amp#27;[0;39m&amp#27;[36morg.hibernate.type.BasicTypeRegistry    &amp#27;[0;39m &amp#27;[2m:&amp#27;[0;39m Adding type registration object -> org.hibernate.type.JavaObjectType@601d9f3a
&amp#27;[2m2025-02-06T22:55:22.432+05:30&amp#27;[0;39m &amp#27;[32mDEBUG&amp#27;[0;39m &amp#27;[35m17040&amp#27;[0;39m &amp#27;[2m---&amp#27;[0;39m &amp#27;[2m[user-management-back-end] [           main]&amp#27;[0;39m &amp#27;[2m&amp#27;[0;39m&amp#27;[36morg.hibernate.type.BasicTypeRegistry    &amp#27;[0;39m &amp#27;[2m:&amp#27;[0;39m Adding type registration java.lang.Object -> org.hibernate.type.JavaObjectType@601d9f3a
&amp#27;[2m2025-02-06T22:55:22.435+05:30&amp#27;[0;39m &amp#27;[32mDEBUG&amp#27;[0;39m &amp#27;[35m17040&amp#27;[0;39m &amp#27;[2m---&amp#27;[0;39m &amp#27;[2m[user-management-back-end] [           main]&amp#27;[0;39m &amp#27;[2m&amp#27;[0;39m&amp#27;[36morg.hibernate.type.BasicTypeRegistry    &amp#27;[0;39m &amp#27;[2m:&amp#27;[0;39m Adding type registration null -> org.hibernate.type.NullType@227b9277
&amp#27;[2m2025-02-06T22:55:22.436+05:30&amp#27;[0;39m &amp#27;[32mDEBUG&amp#27;[0;39m &amp#27;[35m17040&amp#27;[0;39m &amp#27;[2m---&amp#27;[0;39m &amp#27;[2m[user-management-back-end] [           main]&amp#27;[0;39m &amp#27;[2m&amp#27;[0;39m&amp#27;[36morg.hibernate.type.BasicTypeRegistry    &amp#27;[0;39m &amp#27;[2m:&amp#27;[0;39m Adding type registration imm_date -> org.hibernate.type.BasicTypeReference@4c4215d7
&amp#27;[2m2025-02-06T22:55:22.437+05:30&amp#27;[0;39m &amp#27;[32mDEBUG&amp#27;[0;39m &amp#27;[35m17040&amp#27;[0;39m &amp#27;[2m---&amp#27;[0;39m &amp#27;[2m[user-management-back-end] [           main]&amp#27;[0;39m &amp#27;[2m&amp#27;[0;39m&amp#27;[36morg.hibernate.type.BasicTypeRegistry    &amp#27;[0;39m &amp#27;[2m:&amp#27;[0;39m Adding type registration imm_time -> org.hibernate.type.BasicTypeReference@13f36d75
&amp#27;[2m2025-02-06T22:55:22.437+05:30&amp#27;[0;39m &amp#27;[32mDEBUG&amp#27;[0;39m &amp#27;[35m17040&amp#27;[0;39m &amp#27;[2m---&amp#27;[0;39m &amp#27;[2m[user-management-back-end] [           main]&amp#27;[0;39m &amp#27;[2m&amp#27;[0;39m&amp#27;[36morg.hibernate.type.BasicTypeRegistry    &amp#27;[0;39m &amp#27;[2m:&amp#27;[0;39m Adding type registration imm_timestamp -> org.hibernate.type.BasicTypeReference@6de5ad56
&amp#27;[2m2025-02-06T22:55:22.437+05:30&amp#27;[0;39m &amp#27;[32mDEBUG&amp#27;[0;39m &amp#27;[35m17040&amp#27;[0;39m &amp#27;[2m---&amp#27;[0;39m &amp#27;[2m[user-management-back-end] [           main]&amp#27;[0;39m &amp#27;[2m&amp#27;[0;39m&amp#27;[36morg.hibernate.type.BasicTypeRegistry    &amp#27;[0;39m &amp#27;[2m:&amp#27;[0;39m Adding type registration imm_calendar -> org.hibernate.type.BasicTypeReference@3155f190
&amp#27;[2m2025-02-06T22:55:22.437+05:30&amp#27;[0;39m &amp#27;[32mDEBUG&amp#27;[0;39m &amp#27;[35m17040&amp#27;[0;39m &amp#27;[2m---&amp#27;[0;39m &amp#27;[2m[user-management-back-end] [           main]&amp#27;[0;39m &amp#27;[2m&amp#27;[0;39m&amp#27;[36morg.hibernate.type.BasicTypeRegistry    &amp#27;[0;39m &amp#27;[2m:&amp#27;[0;39m Adding type registration imm_calendar_date -> org.hibernate.type.BasicTypeReference@cfb94fd
&amp#27;[2m2025-02-06T22:55:22.437+05:30&amp#27;[0;39m &amp#27;[32mDEBUG&amp#27;[0;39m &amp#27;[35m17040&amp#27;[0;39m &amp#27;[2m---&amp#27;[0;39m &amp#27;[2m[user-management-back-end] [           main]&amp#27;[0;39m &amp#27;[2m&amp#27;[0;39m&amp#27;[36morg.hibernate.type.BasicTypeRegistry    &amp#27;[0;39m &amp#27;[2m:&amp#27;[0;39m Adding type registration imm_calendar_time -> org.hibernate.type.BasicTypeReference@4ebd8d2
&amp#27;[2m2025-02-06T22:55:22.438+05:30&amp#27;[0;39m &amp#27;[32mDEBUG&amp#27;[0;39m &amp#27;[35m17040&amp#27;[0;39m &amp#27;[2m---&amp#27;[0;39m &amp#27;[2m[user-management-back-end] [           main]&amp#27;[0;39m &amp#27;[2m&amp#27;[0;39m&amp#27;[36morg.hibernate.type.BasicTypeRegistry    &amp#27;[0;39m &amp#27;[2m:&amp#27;[0;39m Adding type registration imm_binary -> org.hibernate.type.BasicTypeReference@44a44a04
&amp#27;[2m2025-02-06T22:55:22.438+05:30&amp#27;[0;39m &amp#27;[32mDEBUG&amp#27;[0;39m &amp#27;[35m17040&amp#27;[0;39m &amp#27;[2m---&amp#27;[0;39m &amp#27;[2m[user-management-back-end] [           main]&amp#27;[0;39m &amp#27;[2m&amp#27;[0;39m&amp#27;[36morg.hibernate.type.BasicTypeRegistry    &amp#27;[0;39m &amp#27;[2m:&amp#27;[0;39m Adding type registration imm_serializable -> org.hibernate.type.BasicTypeReference@5a63fa71
&amp#27;[2m2025-02-06T22:55:23.344+05:30&amp#27;[0;39m &amp#27;[32m INFO&amp#27;[0;39m &amp#27;[35m17040&amp#27;[0;39m &amp#27;[2m---&amp#27;[0;39m &amp#27;[2m[user-management-back-end] [           main]&amp#27;[0;39m &amp#27;[2m&amp#27;[0;39m&amp#27;[36mo.s.o.j.p.SpringPersistenceUnitInfo     &amp#27;[0;39m &amp#27;[2m:&amp#27;[0;39m No LoadTimeWeaver setup: ignoring JPA class transformer
&amp#27;[2m2025-02-06T22:55:23.519+05:30&amp#27;[0;39m &amp#27;[33m WARN&amp#27;[0;39m &amp#27;[35m17040&amp#27;[0;39m &amp#27;[2m---&amp#27;[0;39m &amp#27;[2m[user-management-back-end] [           main]&amp#27;[0;39m &amp#27;[2m&amp#27;[0;39m&amp#27;[36morg.hibernate.orm.deprecation           &amp#27;[0;39m &amp#27;[2m:&amp#27;[0;39m HHH90000025: H2Dialect does not need to be specified explicitly using 'hibernate.dialect' (remove the property setting and it will be selected by default)
&amp#27;[2m2025-02-06T22:55:23.577+05:30&amp#27;[0;39m &amp#27;[32mDEBUG&amp#27;[0;39m &amp#27;[35m17040&amp#27;[0;39m &amp#27;[2m---&amp#27;[0;39m &amp#27;[2m[user-management-back-end] [           main]&amp#27;[0;39m &amp#27;[2m&amp#27;[0;39m&amp#27;[36mo.h.t.d.jdbc.spi.JdbcTypeRegistry       &amp#27;[0;39m &amp#27;[2m:&amp#27;[0;39m addDescriptor(NCharTypeDescriptor) replaced previous registration(CharTypeDescriptor)
&amp#27;[2m2025-02-06T22:55:23.577+05:30&amp#27;[0;39m &amp#27;[32mDEBUG&amp#27;[0;39m &amp#27;[35m17040&amp#27;[0;39m &amp#27;[2m---&amp#27;[0;39m &amp#27;[2m[user-management-back-end] [           main]&amp#27;[0;39m &amp#27;[2m&amp#27;[0;39m&amp#27;[36mo.h.t.d.jdbc.spi.JdbcTypeRegistry       &amp#27;[0;39m &amp#27;[2m:&amp#27;[0;39m addDescriptor(NVarcharTypeDescriptor) replaced previous registration(VarcharTypeDescriptor)
&amp#27;[2m2025-02-06T22:55:23.579+05:30&amp#27;[0;39m &amp#27;[32mDEBUG&amp#27;[0;39m &amp#27;[35m17040&amp#27;[0;39m &amp#27;[2m---&amp#27;[0;39m &amp#27;[2m[user-management-back-end] [           main]&amp#27;[0;39m &amp#27;[2m&amp#27;[0;39m&amp#27;[36mo.h.t.d.jdbc.spi.JdbcTypeRegistry       &amp#27;[0;39m &amp#27;[2m:&amp#27;[0;39m addDescriptor(LongNVarcharTypeDescriptor) replaced previous registration(LongVarcharTypeDescriptor)
&amp#27;[2m2025-02-06T22:55:23.584+05:30&amp#27;[0;39m &amp#27;[32mDEBUG&amp#27;[0;39m &amp#27;[35m17040&amp#27;[0;39m &amp#27;[2m---&amp#27;[0;39m &amp#27;[2m[user-management-back-end] [           main]&amp#27;[0;39m &amp#27;[2m&amp#27;[0;39m&amp#27;[36mo.h.t.d.jdbc.spi.JdbcTypeRegistry       &amp#27;[0;39m &amp#27;[2m:&amp#27;[0;39m addDescriptor(NClobTypeDescriptor(DEFAULT)) replaced previous registration(ClobTypeDescriptor(DEFAULT))
&amp#27;[2m2025-02-06T22:55:23.585+05:30&amp#27;[0;39m &amp#27;[32mDEBUG&amp#27;[0;39m &amp#27;[35m17040&amp#27;[0;39m &amp#27;[2m---&amp#27;[0;39m &amp#27;[2m[user-management-back-end] [           main]&amp#27;[0;39m &amp#27;[2m&amp#27;[0;39m&amp#27;[36mo.h.t.d.jdbc.spi.JdbcTypeRegistry       &amp#27;[0;39m &amp#27;[2m:&amp#27;[0;39m addDescriptor(2005, ClobTypeDescriptor(STREAM_BINDING)) replaced previous registration(ClobTypeDescriptor(DEFAULT))
&amp#27;[2m2025-02-06T22:55:23.587+05:30&amp#27;[0;39m &amp#27;[32mDEBUG&amp#27;[0;39m &amp#27;[35m17040&amp#27;[0;39m &amp#27;[2m---&amp#27;[0;39m &amp#27;[2m[user-management-back-end] [           main]&amp#27;[0;39m &amp#27;[2m&amp#27;[0;39m&amp#27;[36mo.h.t.d.jdbc.spi.JdbcTypeRegistry       &amp#27;[0;39m &amp#27;[2m:&amp#27;[0;39m addDescriptor(TimestampUtcDescriptor) replaced previous registration(TimestampUtcDescriptor)
&amp#27;[2m2025-02-06T22:55:23.597+05:30&amp#27;[0;39m &amp#27;[32mDEBUG&amp#27;[0;39m &amp#27;[35m17040&amp#27;[0;39m &amp#27;[2m---&amp#27;[0;39m &amp#27;[2m[user-management-back-end] [           main]&amp#27;[0;39m &amp#27;[2m&amp#27;[0;39m&amp#27;[36morg.hibernate.type.BasicTypeRegistry    &amp#27;[0;39m &amp#27;[2m:&amp#27;[0;39m Adding type registration org.hibernate.type.DurationType -> basicType@1(java.time.Duration,3015)
&amp#27;[2m2025-02-06T22:55:23.597+05:30&amp#27;[0;39m &amp#27;[32mDEBUG&amp#27;[0;39m &amp#27;[35m17040&amp#27;[0;39m &amp#27;[2m---&amp#27;[0;39m &amp#27;[2m[user-management-back-end] [           main]&amp#27;[0;39m &amp#27;[2m&amp#27;[0;39m&amp#27;[36morg.hibernate.type.BasicTypeRegistry    &amp#27;[0;39m &amp#27;[2m:&amp#27;[0;39m Adding type registration Duration -> basicType@1(java.time.Duration,3015)
&amp#27;[2m2025-02-06T22:55:23.597+05:30&amp#27;[0;39m &amp#27;[32mDEBUG&amp#27;[0;39m &amp#27;[35m17040&amp#27;[0;39m &amp#27;[2m---&amp#27;[0;39m &amp#27;[2m[user-management-back-end] [           main]&amp#27;[0;39m &amp#27;[2m&amp#27;[0;39m&amp#27;[36morg.hibernate.type.BasicTypeRegistry    &amp#27;[0;39m &amp#27;[2m:&amp#27;[0;39m Adding type registration java.time.Duration -> basicType@1(java.time.Duration,3015)
&amp#27;[2m2025-02-06T22:55:23.603+05:30&amp#27;[0;39m &amp#27;[32mDEBUG&amp#27;[0;39m &amp#27;[35m17040&amp#27;[0;39m &amp#27;[2m---&amp#27;[0;39m &amp#27;[2m[user-management-back-end] [           main]&amp#27;[0;39m &amp#27;[2m&amp#27;[0;39m&amp#27;[36mo.h.type.spi.TypeConfiguration$Scope    &amp#27;[0;39m &amp#27;[2m:&amp#27;[0;39m Scoping TypeConfiguration [org.hibernate.type.spi.TypeConfiguration@23d12a3a] to MetadataBuildingContext [org.hibernate.boot.internal.MetadataBuildingContextRootImpl@70df41f9]
&amp#27;[2m2025-02-06T22:55:25.692+05:30&amp#27;[0;39m &amp#27;[32m INFO&amp#27;[0;39m &amp#27;[35m17040&amp#27;[0;39m &amp#27;[2m---&amp#27;[0;39m &amp#27;[2m[user-management-back-end] [           main]&amp#27;[0;39m &amp#27;[2m&amp#27;[0;39m&amp#27;[36mo.h.e.t.j.p.i.JtaPlatformInitiator      &amp#27;[0;39m &amp#27;[2m:&amp#27;[0;39m HHH000489: No JTA platform available (set 'hibernate.transaction.jta.platform' to enable JTA platform integration)
&amp#27;[2m2025-02-06T22:55:25.694+05:30&amp#27;[0;39m &amp#27;[32mDEBUG&amp#27;[0;39m &amp#27;[35m17040&amp#27;[0;39m &amp#27;[2m---&amp#27;[0;39m &amp#27;[2m[user-management-back-end] [           main]&amp#27;[0;39m &amp#27;[2m&amp#27;[0;39m&amp#27;[36mo.h.type.spi.TypeConfiguration$Scope    &amp#27;[0;39m &amp#27;[2m:&amp#27;[0;39m Scoping TypeConfiguration [org.hibernate.type.spi.TypeConfiguration@23d12a3a] to SessionFactoryImplementor [org.hibernate.internal.SessionFactoryImpl@5e781b4f]
&amp#27;[2m2025-02-06T22:55:25.832+05:30&amp#27;[0;39m &amp#27;[32mDEBUG&amp#27;[0;39m &amp#27;[35m17040&amp#27;[0;39m &amp#27;[2m---&amp#27;[0;39m &amp#27;[2m[user-management-back-end] [           main]&amp#27;[0;39m &amp#27;[2m&amp#27;[0;39m&amp#27;[36morg.hibernate.SQL                       &amp#27;[0;39m &amp#27;[2m:&amp#27;[0;39m create table otp (id bigint generated by default as identity, email varchar(255), expiry_time bigint not null, otp varchar(255), primary key (id))
&amp#27;[2m2025-02-06T22:55:25.836+05:30&amp#27;[0;39m &amp#27;[32mDEBUG&amp#27;[0;39m &amp#27;[35m17040&amp#27;[0;39m &amp#27;[2m---&amp#27;[0;39m &amp#27;[2m[user-management-back-end] [           main]&amp#27;[0;39m &amp#27;[2m&amp#27;[0;39m&amp#27;[36morg.hibernate.SQL                       &amp#27;[0;39m &amp#27;[2m:&amp#27;[0;39m alter table if exists users alter column gender set data type varchar(255)
&amp#27;[2m2025-02-06T22:55:25.838+05:30&amp#27;[0;39m &amp#27;[32mDEBUG&amp#27;[0;39m &amp#27;[35m17040&amp#27;[0;39m &amp#27;[2m---&amp#27;[0;39m &amp#27;[2m[user-management-back-end] [           main]&amp#27;[0;39m &amp#27;[2m&amp#27;[0;39m&amp#27;[36morg.hibernate.SQL                       &amp#27;[0;39m &amp#27;[2m:&amp#27;[0;39m alter table if exists users alter column phone set data type varchar(255)
&amp#27;[2m2025-02-06T22:55:25.838+05:30&amp#27;[0;39m &amp#27;[32mDEBUG&amp#27;[0;39m &amp#27;[35m17040&amp#27;[0;39m &amp#27;[2m---&amp#27;[0;39m &amp#27;[2m[user-management-back-end] [           main]&amp#27;[0;39m &amp#27;[2m&amp#27;[0;39m&amp#27;[36morg.hibernate.SQL                       &amp#27;[0;39m &amp#27;[2m:&amp#27;[0;39m alter table if exists users alter column role set data type varchar(255)
&amp#27;[2m2025-02-06T22:55:25.844+05:30&amp#27;[0;39m &amp#27;[32mTRACE&amp#27;[0;39m &amp#27;[35m17040&amp#27;[0;39m &amp#27;[2m---&amp#27;[0;39m &amp#27;[2m[user-management-back-end] [           main]&amp#27;[0;39m &amp#27;[2m&amp#27;[0;39m&amp#27;[36mo.h.type.spi.TypeConfiguration$Scope    &amp#27;[0;39m &amp#27;[2m:&amp#27;[0;39m Handling #sessionFactoryCreated from [org.hibernate.internal.SessionFactoryImpl@5e781b4f] for TypeConfiguration
&amp#27;[2m2025-02-06T22:55:25.844+05:30&amp#27;[0;39m &amp#27;[32m INFO&amp#27;[0;39m &amp#27;[35m17040&amp#27;[0;39m &amp#27;[2m---&amp#27;[0;39m &amp#27;[2m[user-management-back-end] [           main]&amp#27;[0;39m &amp#27;[2m&amp#27;[0;39m&amp#27;[36mj.LocalContainerEntityManagerFactoryBean&amp#27;[0;39m &amp#27;[2m:&amp#27;[0;39m Initialized JPA EntityManagerFactory for persistence unit 'default'
&amp#27;[2m2025-02-06T22:55:27.515+05:30&amp#27;[0;39m &amp#27;[32m INFO&amp#27;[0;39m &amp#27;[35m17040&amp#27;[0;39m &amp#27;[2m---&amp#27;[0;39m &amp#27;[2m[user-management-back-end] [           main]&amp#27;[0;39m &amp#27;[2m&amp#27;[0;39m&amp#27;[36meAuthenticationProviderManagerConfigurer&amp#27;[0;39m &amp#27;[2m:&amp#27;[0;39m Global AuthenticationManager configured with AuthenticationProvider bean with name authProvider
&amp#27;[2m2025-02-06T22:55:27.515+05:30&amp#27;[0;39m &amp#27;[33m WARN&amp#27;[0;39m &amp#27;[35m17040&amp#27;[0;39m &amp#27;[2m---&amp#27;[0;39m &amp#27;[2m[user-management-back-end] [           main]&amp#27;[0;39m &amp#27;[2m&amp#27;[0;39m&amp#27;[36mr$InitializeUserDetailsManagerConfigurer&amp#27;[0;39m &amp#27;[2m:&amp#27;[0;39m Global AuthenticationManager configured with an AuthenticationProvider bean. UserDetailsService beans will not be used for username/password login. Consider removing the AuthenticationProvider bean. Alternatively, consider using the UserDetailsService in a manually instantiated DaoAuthenticationProvider.
&amp#27;[2m2025-02-06T22:55:27.538+05:30&amp#27;[0;39m &amp#27;[32mDEBUG&amp#27;[0;39m &amp#27;[35m17040&amp#27;[0;39m &amp#27;[2m---&amp#27;[0;39m &amp#27;[2m[user-management-back-end] [           main]&amp#27;[0;39m &amp#27;[2m&amp#27;[0;39m&amp#27;[36m.PrePostAnnotationSecurityMetadataSource&amp#27;[0;39m &amp#27;[2m:&amp#27;[0;39m @org.springframework.security.access.prepost.PreAuthorize("hasRole(\'ROLE_ADMIN\')") found on specific method: public org.springframework.http.ResponseEntity com.example.user_management_backend.controller.UserController.getAlluser()
&amp#27;[2m2025-02-06T22:55:27.543+05:30&amp#27;[0;39m &amp#27;[32mDEBUG&amp#27;[0;39m &amp#27;[35m17040&amp#27;[0;39m &amp#27;[2m---&amp#27;[0;39m &amp#27;[2m[user-management-back-end] [           main]&amp#27;[0;39m &amp#27;[2m&amp#27;[0;39m&amp#27;[36mm.DelegatingMethodSecurityMetadataSource&amp#27;[0;39m &amp#27;[2m:&amp#27;[0;39m Caching method [CacheKey[com.example.user_management_backend.controller.UserController; public org.springframework.http.ResponseEntity com.example.user_management_backend.controller.UserController.getAlluser()]] with attributes [[authorize: 'hasRole('ROLE_ADMIN')', filter: 'null', filterTarget: 'null']]
&amp#27;[2m2025-02-06T22:55:28.030+05:30&amp#27;[0;39m &amp#27;[33m WARN&amp#27;[0;39m &amp#27;[35m17040&amp#27;[0;39m &amp#27;[2m---&amp#27;[0;39m &amp#27;[2m[user-management-back-end] [           main]&amp#27;[0;39m &amp#27;[2m&amp#27;[0;39m&amp#27;[36mJpaBaseConfiguration$JpaWebConfiguration&amp#27;[0;39m &amp#27;[2m:&amp#27;[0;39m spring.jpa.open-in-view is enabled by default. Therefore, database queries may be performed during view rendering. Explicitly configure spring.jpa.open-in-view to disable this warning
&amp#27;[2m2025-02-06T22:55:29.036+05:30&amp#27;[0;39m &amp#27;[32mDEBUG&amp#27;[0;39m &amp#27;[35m17040&amp#27;[0;39m &amp#27;[2m---&amp#27;[0;39m &amp#27;[2m[user-management-back-end] [           main]&amp#27;[0;39m &amp#27;[2m&amp#27;[0;39m&amp#27;[36ms.w.s.m.m.a.RequestMappingHandlerMapping&amp#27;[0;39m &amp#27;[2m:&amp#27;[0;39m 15 mappings in 'requestMappingHandlerMapping'
&amp#27;[2m2025-02-06T22:55:29.489+05:30&amp#27;[0;39m &amp#27;[32mDEBUG&amp#27;[0;39m &amp#27;[35m17040&amp#27;[0;39m &amp#27;[2m---&amp#27;[0;39m &amp#27;[2m[user-management-back-end] [           main]&amp#27;[0;39m &amp#27;[2m&amp#27;[0;39m&amp#27;[36mo.s.w.s.handler.SimpleUrlHandlerMapping &amp#27;[0;39m &amp#27;[2m:&amp#27;[0;39m Patterns [/webjars/**, /**, /swagger-ui*/*swagger-initializer.js, /swagger-ui*/**] in 'resourceHandlerMapping'
&amp#27;[2m2025-02-06T22:55:29.911+05:30&amp#27;[0;39m &amp#27;[32m INFO&amp#27;[0;39m &amp#27;[35m17040&amp#27;[0;39m &amp#27;[2m---&amp#27;[0;39m &amp#27;[2m[user-management-back-end] [           main]&amp#27;[0;39m &amp#27;[2m&amp#27;[0;39m&amp#27;[36mo.s.b.a.e.web.EndpointLinksResolver     &amp#27;[0;39m &amp#27;[2m:&amp#27;[0;39m Exposing 1 endpoint beneath base path '/actuator'
&amp#27;[2m2025-02-06T22:55:30.148+05:30&amp#27;[0;39m &amp#27;[32mDEBUG&amp#27;[0;39m &amp#27;[35m17040&amp#27;[0;39m &amp#27;[2m---&amp#27;[0;39m &amp#27;[2m[user-management-back-end] [           main]&amp#27;[0;39m &amp#27;[2m&amp#27;[0;39m&amp#27;[36mo.s.s.web.DefaultSecurityFilterChain    &amp#27;[0;39m &amp#27;[2m:&amp#27;[0;39m Will secure any request with filters: DisableEncodeUrlFilter, WebAsyncManagerIntegrationFilter, SecurityContextHolderFilter, HeaderWriterFilter, CorsFilter, LogoutFilter, JwtFilter, RequestCacheAwareFilter, SecurityContextHolderAwareRequestFilter, AnonymousAuthenticationFilter, SessionManagementFilter, ExceptionTranslationFilter, AuthorizationFilter
&amp#27;[2m2025-02-06T22:55:30.993+05:30&amp#27;[0;39m &amp#27;[32mDEBUG&amp#27;[0;39m &amp#27;[35m17040&amp#27;[0;39m &amp#27;[2m---&amp#27;[0;39m &amp#27;[2m[user-management-back-end] [           main]&amp#27;[0;39m &amp#27;[2m&amp#27;[0;39m&amp#27;[36ms.w.s.m.m.a.RequestMappingHandlerAdapter&amp#27;[0;39m &amp#27;[2m:&amp#27;[0;39m ControllerAdvice beans: 0 @ModelAttribute, 0 @InitBinder, 1 RequestBodyAdvice, 1 ResponseBodyAdvice
&amp#27;[2m2025-02-06T22:55:31.295+05:30&amp#27;[0;39m &amp#27;[32mDEBUG&amp#27;[0;39m &amp#27;[35m17040&amp#27;[0;39m &amp#27;[2m---&amp#27;[0;39m &amp#27;[2m[user-management-back-end] [           main]&amp#27;[0;39m &amp#27;[2m&amp#27;[0;39m&amp#27;[36m.m.m.a.ExceptionHandlerExceptionResolver&amp#27;[0;39m &amp#27;[2m:&amp#27;[0;39m ControllerAdvice beans: 2 @ExceptionHandler, 1 ResponseBodyAdvice
&amp#27;[2m2025-02-06T22:55:32.156+05:30&amp#27;[0;39m &amp#27;[32m INFO&amp#27;[0;39m &amp#27;[35m17040&amp#27;[0;39m &amp#27;[2m---&amp#27;[0;39m &amp#27;[2m[user-management-back-end] [           main]&amp#27;[0;39m &amp#27;[2m&amp#27;[0;39m&amp#27;[36mo.s.b.a.h2.H2ConsoleAutoConfiguration   &amp#27;[0;39m &amp#27;[2m:&amp#27;[0;39m H2 console available at '/h2-console'. Database available at 'jdbc:h2:mem:mydb'
&amp#27;[2m2025-02-06T22:55:32.530+05:30&amp#27;[0;39m &amp#27;[32m INFO&amp#27;[0;39m &amp#27;[35m17040&amp#27;[0;39m &amp#27;[2m---&amp#27;[0;39m &amp#27;[2m[user-management-back-end] [           main]&amp#27;[0;39m &amp#27;[2m&amp#27;[0;39m&amp#27;[36m.u.UserManagementBackEndApplicationTests&amp#27;[0;39m &amp#27;[2m:&amp#27;[0;39m Started UserManagementBackEndApplicationTests in 19.123 seconds (process running for 22.454)
&amp#27;[2m2025-02-06T22:55:32.904+05:30&amp#27;[0;39m &amp#27;[32mDEBUG&amp#27;[0;39m &amp#27;[35m17040&amp#27;[0;39m &amp#27;[2m---&amp#27;[0;39m &amp#27;[2m[user-management-back-end] [   scheduling-1]&amp#27;[0;39m &amp#27;[2m&amp#27;[0;39m&amp#27;[36morg.hibernate.SQL                       &amp#27;[0;39m &amp#27;[2m:&amp#27;[0;39m select o1_0.id,o1_0.email,o1_0.expiry_time,o1_0.otp from otp o1_0 where o1_0.expiry_time<?
&amp#27;[2m2025-02-06T22:55:32.929+05:30&amp#27;[0;39m &amp#27;[32m INFO&amp#27;[0;39m &amp#27;[35m17040&amp#27;[0;39m &amp#27;[2m---&amp#27;[0;39m &amp#27;[2m[user-management-back-end] [   scheduling-1]&amp#27;[0;39m &amp#27;[2m&amp#27;[0;39m&amp#27;[36mc.e.u.service.Impl.EmailServiceImpl     &amp#27;[0;39m &amp#27;[2m:&amp#27;[0;39m Deleted OTPs older than 5 minutes
]]></system-out>
    <system-err><![CDATA[WARNING: A Java agent has been loaded dynamically (C:\Users\10822332\.m2\repository\net\bytebuddy\byte-buddy-agent\1.14.19\byte-buddy-agent-1.14.19.jar)
WARNING: If a serviceability tool is in use, please run with -XX:+EnableDynamicAgentLoading to hide this warning
WARNING: If a serviceability tool is not in use, please run with -Djdk.instrument.traceUsage for more information
WARNING: Dynamic loading of agents will be disallowed by default in a future release
]]></system-err>
  </testcase>
</testsuite>